\BOOKMARK [0][-]{section*.1}{\376\377\000A\000b\000s\000t\000r\000a\000c\000t}{}% 1
\BOOKMARK [0][-]{section*.2}{\376\377\000A\000c\000k\000n\000o\000w\000l\000e\000d\000g\000e\000m\000e\000n\000t\000s}{}% 2
\BOOKMARK [0][-]{chapter.6}{\376\377\000I\000n\000t\000r\000o\000d\000u\000c\000t\000i\000o\000n}{}% 3
\BOOKMARK [1][-]{section.7}{\376\377\000A\000i\000m\000s\000\040\000o\000f\000\040\000t\000h\000i\000s\000\040\000t\000h\000e\000s\000i\000s}{chapter.6}% 4
\BOOKMARK [1][-]{section.8}{\376\377\000C\000l\000i\000n\000i\000c\000a\000l\000\040\000t\000r\000i\000a\000l\000s}{chapter.6}% 5
\BOOKMARK [1][-]{section.9}{\376\377\000I\000n\000t\000r\000o\000d\000u\000c\000t\000i\000o\000n\000\040\000t\000o\000\040\000e\000a\000r\000l\000y\000\040\000p\000h\000a\000s\000e\000\040\000t\000r\000i\000a\000l\000s}{chapter.6}% 6
\BOOKMARK [1][-]{section.10}{\376\377\000C\000h\000a\000p\000t\000e\000r\000s\000\040\000i\000n\000\040\000t\000h\000i\000s\000\040\000t\000h\000e\000s\000i\000s}{chapter.6}% 7
\BOOKMARK [0][-]{chapter.11}{\376\377\000I\000m\000p\000l\000e\000m\000e\000n\000t\000i\000n\000g\000\040\000t\000h\000e\000\040\000P\000O\000-\000T\000I\000T\000E\000-\000C\000R\000M\000\040\000t\000r\000i\000a\000l\000\040\000d\000e\000s\000i\000g\000n\000\040\000i\000n\000t\000o\000\040\000A\000D\000e\000P\000T\000-\000D\000D\000R}{}% 8
\BOOKMARK [1][-]{section.12}{\376\377\000I\000n\000t\000r\000o\000d\000u\000c\000t\000i\000o\000n}{chapter.11}% 9
\BOOKMARK [1][-]{section.15}{\376\377\000T\000h\000e\000\040\000P\000O\000-\000T\000I\000T\000E\000-\000C\000R\000M\000\040\000d\000e\000s\000i\000g\000n}{chapter.11}% 10
\BOOKMARK [1][-]{section.30}{\376\377\000P\000O\000-\000T\000I\000T\000E\000-\000C\000R\000M\000\040\000i\000n\000\040\000A\000D\000e\000P\000T\000-\000D\000D\000R}{chapter.11}% 11
\BOOKMARK [2][-]{subsection.31}{\376\377\000P\000a\000r\000t\000i\000a\000l\000\040\000o\000r\000d\000e\000r\000i\000n\000g\000\040\000i\000n\000\040\000p\000r\000a\000c\000t\000i\000c\000e}{section.30}% 12
\BOOKMARK [2][-]{subsection.36}{\376\377\000T\000h\000e\000\040\000T\000I\000T\000E\000\040\000c\000o\000m\000p\000o\000n\000e\000n\000t}{section.30}% 13
\BOOKMARK [2][-]{subsection.39}{\376\377\000S\000t\000o\000p\000p\000i\000n\000g\000\040\000r\000u\000l\000e\000s}{section.30}% 14
\BOOKMARK [2][-]{subsection.40}{\376\377\000E\000x\000a\000m\000p\000l\000e\000\040\000t\000r\000i\000a\000l\000\040\000r\000u\000n}{section.30}% 15
\BOOKMARK [2][-]{subsection.44}{\376\377\000O\000p\000e\000r\000a\000t\000i\000n\000g\000\040\000c\000h\000a\000r\000a\000c\000t\000e\000r\000i\000s\000t\000i\000c\000s}{section.30}% 16
\BOOKMARK [1][-]{section.48}{\376\377\000E\000x\000p\000l\000o\000r\000i\000n\000g\000\040\000o\000t\000h\000e\000r\000\040\000d\000e\000s\000i\000g\000n\000s}{chapter.11}% 17
\BOOKMARK [1][-]{section.59}{\376\377\000D\000i\000s\000c\000u\000s\000s\000i\000o\000n}{chapter.11}% 18
\BOOKMARK [0][-]{chapter.60}{\376\377\000E\000x\000t\000e\000n\000s\000i\000o\000n\000s\000\040\000t\000o\000\040\000t\000h\000e\000\040\000W\000a\000g\000e\000s\000\040\000a\000n\000d\000\040\000T\000a\000i\000t\000\040\000t\000r\000i\000a\000l\000\040\000d\000e\000s\000i\000g\000n}{}% 19
\BOOKMARK [1][-]{section.61}{\376\377\000I\000n\000t\000r\000o\000d\000u\000c\000t\000i\000o\000n}{chapter.60}% 20
\BOOKMARK [1][-]{section.62}{\376\377\000T\000h\000e\000\040\000W\000a\000g\000e\000s\000\040\000a\000n\000d\000\040\000T\000a\000i\000t\000\040\000d\000e\000s\000i\000g\000n}{chapter.60}% 21
\BOOKMARK [1][-]{section.79}{\376\377\000R\000t\000C\000-\000W\000T\000:\000\040\000A\000n\000\040\000e\000x\000t\000e\000n\000s\000i\000o\000n\000\040\000t\000o\000\040\000t\000h\000e\000\040\000W\000a\000g\000e\000s\000\040\000a\000n\000d\000\040\000T\000a\000i\000t\000\040\000d\000e\000s\000i\000g\000n}{chapter.60}% 22
\BOOKMARK [2][-]{subsection.80}{\376\377\000T\000h\000e\000\040\000R\000a\000t\000i\000o\000n\000a\000l\000e\000\040\000f\000o\000r\000\040\000I\000n\000c\000o\000r\000p\000o\000r\000a\000t\000i\000n\000g\000\040\000R\000a\000n\000d\000o\000m\000i\000s\000a\000t\000i\000o\000n\000\040\000t\000o\000\040\000C\000o\000n\000t\000r\000o\000l}{section.79}% 23
\BOOKMARK [2][-]{subsection.82}{\376\377\000D\000e\000s\000i\000g\000n\000\040\000o\000f\000\040\000t\000h\000e\000\040\000P\000r\000o\000p\000o\000s\000e\000d\000\040\000E\000x\000t\000e\000n\000s\000i\000o\000n\000\040\000R\000t\000C\000-\000W\000T}{section.79}% 24
\BOOKMARK [1][-]{section.85}{\376\377\000E\000v\000a\000l\000u\000a\000t\000i\000o\000n\000\040\000a\000n\000d\000\040\000e\000x\000p\000l\000o\000r\000a\000t\000i\000o\000n\000\040\000o\000f\000\040\000t\000h\000e\000\040\000e\000x\000t\000e\000n\000s\000i\000o\000n\000\040\000v\000i\000a\000\040\000s\000i\000m\000u\000l\000a\000t\000i\000o\000n\000s}{chapter.60}% 25
\BOOKMARK [2][-]{subsection.86}{\376\377\000D\000e\000s\000i\000g\000n\000\040\000S\000p\000e\000c\000i\000f\000i\000c\000a\000t\000i\000o\000n}{section.85}% 26
\BOOKMARK [2][-]{subsection.88}{\376\377\000I\000m\000p\000a\000c\000t\000\040\000o\000f\000\040\000A\000R\000\040\000p\000h\000a\000s\000e\000\040\000s\000i\000z\000e\000\040\000a\000n\000d\000\040\000p\000r\000o\000b\000a\000b\000i\000l\000i\000t\000y\000\040\000o\000f\000\040\000r\000a\000n\000d\000o\000m\000i\000s\000a\000t\000i\000o\000n\000\040\000t\000o\000\040\000c\000o\000n\000t\000r\000o\000l\000\040\000o\000n\000\040\000R\000t\000C\000-\000W\000T}{section.85}% 27
\BOOKMARK [2][-]{subsection.92}{\376\377\000C\000o\000m\000p\000a\000r\000i\000s\000o\000n\000\040\000o\000f\000\040\000R\000t\000C\000-\000W\000T\000\040\000a\000g\000a\000i\000n\000s\000t\000\040\000A\000l\000t\000e\000r\000n\000a\000t\000i\000v\000e\000\040\000D\000e\000s\000i\000g\000n\000s\000\040}{section.85}% 28
\BOOKMARK [1][-]{section.97}{\376\377\000E\000f\000f\000i\000c\000i\000e\000n\000c\000y\000\040\000o\000f\000\040\000a\000n\000\040\000e\000f\000f\000i\000c\000a\000c\000y\000\040\000t\000e\000s\000t}{chapter.60}% 29
\BOOKMARK [1][-]{section.102}{\376\377\000D\000i\000s\000c\000u\000s\000s\000i\000o\000n}{chapter.60}% 30
\BOOKMARK [0][-]{chapter.103}{\376\377\000E\000x\000t\000e\000n\000d\000i\000n\000g\000\040\000D\000o\000s\000e\000\040\000T\000r\000a\000n\000s\000i\000t\000i\000o\000n\000\040\000P\000a\000t\000h\000w\000a\000y\000s\000\040\000f\000o\000r\000\040\000u\000s\000e\000\040\000i\000n\000\040\000T\000I\000T\000E\000-\000C\000R\000M\000s}{}% 31
\BOOKMARK [1][-]{section.104}{\376\377\000I\000n\000t\000r\000o\000d\000u\000c\000t\000i\000o\000n}{chapter.103}% 32
\BOOKMARK [1][-]{section.105}{\376\377\000D\000o\000s\000e\000\040\000T\000r\000a\000n\000s\000i\000t\000i\000o\000n\000\040\000P\000a\000t\000h\000w\000a\000y\000s}{chapter.103}% 33
\BOOKMARK [2][-]{subsection.106}{\376\377\000E\000x\000a\000m\000p\000l\000e\000\040\000t\000r\000i\000a\000l\000\040\000t\000o\000\040\000i\000l\000l\000u\000s\000t\000r\000a\000t\000e\000\040\000D\000T\000P\000s}{section.105}% 34
\BOOKMARK [2][-]{subsection.109}{\376\377\000U\000s\000i\000n\000g\000\040\000D\000T\000P\000s\000\040\000t\000o\000\040\000c\000a\000l\000i\000b\000r\000a\000t\000e\000\040\000t\000h\000e\000\040\000C\000R\000M}{section.105}% 35
\BOOKMARK [2][-]{subsection.117}{\376\377\000U\000s\000i\000n\000g\000\040\000D\000T\000P\000s\000\040\000d\000u\000r\000i\000n\000g\000\040\000a\000\040\000t\000r\000i\000a\000l}{section.105}% 36
\BOOKMARK [1][-]{section.122}{\376\377\000T\000I\000T\000E\000-\000D\000T\000P\000s}{chapter.103}% 37
\BOOKMARK [2][-]{subsection.123}{\376\377\000C\000o\000h\000o\000r\000t\000\040\000o\000f\000\040\000o\000n\000e\000\040\000p\000a\000t\000i\000e\000n\000t}{section.122}% 38
\BOOKMARK [2][-]{subsection.126}{\376\377\000C\000o\000h\000o\000r\000t\000\040\000o\000f\000\040\000t\000w\000o\000\040\000p\000a\000t\000i\000e\000n\000t\000s}{section.122}% 39
\BOOKMARK [2][-]{subsection.138}{\376\377\000C\000o\000h\000o\000r\000t\000\040\000o\000f\000\040\000t\000h\000r\000e\000e\000\040\000p\000a\000t\000i\000e\000n\000t\000s}{section.122}% 40
\BOOKMARK [1][-]{section.150}{\376\377\000D\000i\000s\000c\000u\000s\000s\000i\000o\000n}{chapter.103}% 41
\BOOKMARK [0][-]{chapter.151}{\376\377\000E\000f\000f\000i\000c\000a\000c\000y\000\040\000T\000r\000a\000n\000s\000i\000t\000i\000o\000n\000\040\000P\000a\000t\000h\000w\000a\000y\000s}{}% 42
\BOOKMARK [1][-]{section.152}{\376\377\000I\000n\000t\000r\000o\000d\000u\000c\000t\000i\000o\000n}{chapter.151}% 43
\BOOKMARK [1][-]{section.153}{\376\377\000E\000f\000f\000i\000c\000a\000c\000y\000\040\000T\000r\000a\000n\000s\000i\000t\000i\000o\000n\000\040\000P\000a\000t\000h\000w\000a\000y\000s}{chapter.151}% 44
\BOOKMARK [2][-]{subsection.154}{\376\377\000I\000l\000l\000u\000s\000t\000r\000a\000t\000i\000v\000e\000\040\000e\000x\000a\000m\000p\000l\000e\000\040\000t\000o\000\040\000s\000h\000o\000w\000c\000a\000s\000e\000\040\000a\000\040\000B\000e\000t\000a\000-\000B\000i\000n\000o\000m\000i\000a\000l\000\040\000d\000e\000s\000i\000g\000n}{section.153}% 45
\BOOKMARK [2][-]{subsection.157}{\376\377\000C\000o\000n\000s\000t\000r\000u\000c\000t\000i\000n\000g\000\040\000E\000f\000f\000i\000c\000a\000c\000y\000\040\000T\000r\000a\000n\000s\000i\000t\000i\000o\000n\000\040\000P\000a\000t\000h\000w\000a\000y\000s}{section.153}% 46
\BOOKMARK [2][-]{subsection.164}{\376\377\000U\000p\000d\000a\000t\000i\000n\000g\000\040\000d\000e\000c\000i\000s\000i\000o\000n\000\040\000c\000r\000i\000t\000e\000r\000i\000a\000\040\000b\000a\000s\000e\000d\000\040\000o\000n\000\040\000E\000f\000f\000i\000c\000a\000c\000y\000\040\000T\000r\000a\000n\000s\000i\000t\000i\000o\000n\000\040\000P\000a\000t\000h\000w\000a\000y\000s}{section.153}% 47
\BOOKMARK [1][-]{section.168}{\376\377\000I\000m\000p\000l\000e\000m\000e\000n\000t\000a\000t\000i\000o\000n\000\040\000o\000f\000\040\000E\000T\000P\000s}{chapter.151}% 48
\BOOKMARK [1][-]{section.169}{\376\377\000D\000e\000v\000e\000l\000o\000p\000m\000e\000n\000t\000\040\000o\000f\000\040\000a\000\040\000w\000e\000b\000\040\000a\000p\000p\000l\000i\000c\000a\000t\000i\000o\000n\000\040\000f\000o\000r\000\040\000E\000T\000P\000s}{chapter.151}% 49
\BOOKMARK [2][-]{subsection.170}{\376\377\000A\000d\000d\000i\000t\000i\000o\000n\000a\000l\000\040\000F\000e\000a\000t\000u\000r\000e\000s\000\040\000o\000f\000\040\000t\000h\000e\000\040\000A\000p\000p}{section.169}% 50
\BOOKMARK [1][-]{section.171}{\376\377\000D\000i\000s\000c\000u\000s\000s\000i\000o\000n}{chapter.151}% 51
\BOOKMARK [0][-]{chapter.172}{\376\377\000S\000u\000m\000m\000a\000r\000y\000\040\000a\000n\000d\000\040\000C\000o\000n\000c\000l\000u\000s\000i\000o\000n\000s}{}% 52
\BOOKMARK [0][-]{appendix.173}{\376\377\000E\000x\000a\000m\000p\000l\000e\000s\000\040\000i\000m\000p\000l\000e\000m\000e\000n\000t\000i\000n\000g\000\040\000E\000T\000P\000s}{}% 53
\BOOKMARK [1][-]{section.174}{\376\377\000M\000o\000n\000o\000G\000e\000r\000m}{appendix.173}% 54
\BOOKMARK [1][-]{section.179}{\376\377\000G\000l\000o\000-\000B\000N\000H\000L}{appendix.173}% 55
\BOOKMARK [1][-]{section.189}{\376\377\000D\000E\000T\000E\000R\000M\000I\000N\000E}{appendix.173}% 56
\BOOKMARK [0][-]{appendix*.194}{\376\377\000B\000i\000b\000l\000i\000o\000g\000r\000a\000p\000h\000y}{}% 57
