This is pdfTeX, Version 3.141592653-2.6-1.40.24 (MiKTeX 21.12) (preloaded format=pdflatex 2022.1.8)  22 SEP 2024 19:23
entering extended mode
 restricted \write18 enabled.
 %&-line parsing enabled.
**./main.tex
(main.tex
LaTeX2e <2021-11-15> patch level 1
L3 programming layer <2021-11-22> (MastersDoctoralThesis.cls
Document Class: MastersDoctoralThesis 2017/08/27 v1.6 LaTeXTemplates.com
(C:\Users\Amit\AppData\Local\Programs\MiKTeX\tex/latex/etoolbox\etoolbox.sty
Package: etoolbox 2020/10/05 v2.5k e-TeX tools for LaTeX (JAW)
\etb@tempcnta=\count183
)
(C:\Users\Amit\AppData\Local\Programs\MiKTeX\tex/latex/l3packages/xparse\xparse
.sty (C:\Users\Amit\AppData\Local\Programs\MiKTeX\tex/latex/l3kernel\expl3.sty
Package: expl3 2021-11-22 L3 programming layer (loader) 

(C:\Users\Amit\AppData\Local\Programs\MiKTeX\tex/latex/l3backend\l3backend-pdft
ex.def
File: l3backend-pdftex.def 2021-10-18 L3 backend support: PDF output (pdfTeX)
\l__color_backend_stack_int=\count184
\l__pdf_internal_box=\box50
))
Package: xparse 2021-11-12 L3 Experimental document command parser
) (C:\Users\Amit\AppData\Local\Programs\MiKTeX\tex/latex/base\book.cls
Document Class: book 2021/10/04 v1.4n Standard LaTeX document class
(C:\Users\Amit\AppData\Local\Programs\MiKTeX\tex/latex/base\bk12.clo
File: bk12.clo 2021/10/04 v1.4n Standard LaTeX file (size option)
)
\c@part=\count185
\c@chapter=\count186
\c@section=\count187
\c@subsection=\count188
\c@subsubsection=\count189
\c@paragraph=\count190
\c@subparagraph=\count191
\c@figure=\count192
\c@table=\count193
\abovecaptionskip=\skip47
\belowcaptionskip=\skip48
\bibindent=\dimen138
)
(C:\Users\Amit\AppData\Local\Programs\MiKTeX\tex/generic/babel\babel.sty
Package: babel 2021/11/29 3.67 The Babel package
\babel@savecnt=\count194
\U@D=\dimen139
\l@unhyphenated=\language79

(C:\Users\Amit\AppData\Local\Programs\MiKTeX\tex/generic/babel\txtbabel.def)
\bbl@readstream=\read2
\bbl@dirlevel=\count195

*************************************
* Local config file bblopts.cfg used
*
(C:\Users\Amit\AppData\Local\Programs\MiKTeX\tex/latex/arabi\bblopts.cfg
File: bblopts.cfg 2005/09/08 v0.1 add Arabic and Farsi to "declared" options of
 babel
)
(C:\Users\Amit\AppData\Local\Programs\MiKTeX\tex/latex/babel-english\english.ld
f
Language: english 2017/06/06 v3.3r English support from the babel system
Package babel Info: Hyphen rules for 'canadian' set to \l@english
(babel)             (\language0). Reported on input line 102.
Package babel Info: Hyphen rules for 'australian' set to \l@ukenglish
(babel)             (\language73). Reported on input line 105.
Package babel Info: Hyphen rules for 'newzealand' set to \l@ukenglish
(babel)             (\language73). Reported on input line 108.
))
(C:\Users\Amit\AppData\Local\Programs\MiKTeX\tex/latex/koma-script\scrbase.sty
Package: scrbase 2021/11/13 v3.35 KOMA-Script package (KOMA-Script-independent 
basics and keyval usage)

(C:\Users\Amit\AppData\Local\Programs\MiKTeX\tex/latex/koma-script\scrlfile.sty
Package: scrlfile 2021/11/13 v3.35 KOMA-Script package (file load hooks)

(C:\Users\Amit\AppData\Local\Programs\MiKTeX\tex/latex/koma-script\scrlfile-hoo
k.sty
Package: scrlfile-hook 2021/11/13 v3.35 KOMA-Script package (using LaTeX hooks)


(C:\Users\Amit\AppData\Local\Programs\MiKTeX\tex/latex/koma-script\scrlogo.sty
Package: scrlogo 2021/11/13 v3.35 KOMA-Script package (logo)
))) (C:\Users\Amit\AppData\Local\Programs\MiKTeX\tex/latex/graphics\keyval.sty
Package: keyval 2014/10/28 v1.15 key=value parser (DPC)
\KV@toks@=\toks16
)
Applying: [2021/05/01] Usage of raw or classic option list on input line 252.
Already applied: [0000/00/00] Usage of raw or classic option list on input line
 368.
) (C:\Users\Amit\AppData\Local\Programs\MiKTeX\tex/latex/koma-script\scrhack.st
y
Package: scrhack 2021/11/13 v3.35 KOMA-Script package (hacking other packages)

(C:\Users\Amit\AppData\Local\Programs\MiKTeX\tex/latex/koma-script\scrkbase.sty
Package: scrkbase 2021/11/13 v3.35 KOMA-Script package (KOMA-Script-dependent b
asics and keyval usage)
) (C:\Users\Amit\AppData\Local\Programs\MiKTeX\tex/latex/xpatch\xpatch.sty
Package: xpatch 2020/03/25 v0.3a Extending etoolbox patching commands
))
(C:\Users\Amit\AppData\Local\Programs\MiKTeX\tex/latex/setspace\setspace.sty
Package: setspace 2011/12/19 v6.7a set line spacing
)
Package scrhack Info: loading setspace hack on input line 193.

(C:\Users\Amit\AppData\Local\Programs\MiKTeX\tex/latex/koma-script\setspace.hak
File: setspace.hak 2021/11/13 v3.35 KOMA-Script scrhack part (hacking package s
etspace)
) (C:\Users\Amit\AppData\Local\Programs\MiKTeX\tex/latex/tools\longtable.sty
Package: longtable 2021-09-01 v4.17 Multi-page Table package (DPC)
\LTleft=\skip49
\LTright=\skip50
\LTpre=\skip51
\LTpost=\skip52
\LTchunksize=\count196
\LTcapwidth=\dimen140
\LT@head=\box51
\LT@firsthead=\box52
\LT@foot=\box53
\LT@lastfoot=\box54
\LT@gbox=\box55
\LT@cols=\count197
\LT@rows=\count198
\c@LT@tables=\count199
\c@LT@chunks=\count266
\LT@p@ftn=\toks17
)
(C:\Users\Amit\AppData\Local\Programs\MiKTeX\tex/latex/siunitx\siunitx.sty
Package: siunitx 2021-12-03 v3.0.37 A comprehensive (SI) units package
\l__siunitx_angle_tmp_dim=\dimen141
\l__siunitx_angle_marker_box=\box56
\l__siunitx_angle_unit_box=\box57
\l__siunitx_compound_count_int=\count267

(C:\Users\Amit\AppData\Local\Programs\MiKTeX\tex/latex/translations\translation
s.sty
Package: translations 2021/01/17 v1.10a internationalization of LaTeX2e package
s (CN)

(C:\Users\Amit\AppData\Local\Programs\MiKTeX\tex/generic/pdftexcmds\pdftexcmds.
sty
Package: pdftexcmds 2020-06-27 v0.33 Utility functions of pdfTeX for LuaTeX (HO
)

(C:\Users\Amit\AppData\Local\Programs\MiKTeX\tex/generic/infwarerr\infwarerr.st
y
Package: infwarerr 2019/12/03 v1.5 Providing info/warning/error messages (HO)
) (C:\Users\Amit\AppData\Local\Programs\MiKTeX\tex/generic/iftex\iftex.sty
Package: iftex 2020/03/06 v1.0d TeX engine tests
)
(C:\Users\Amit\AppData\Local\Programs\MiKTeX\tex/generic/ltxcmds\ltxcmds.sty
Package: ltxcmds 2020-05-10 v1.25 LaTeX kernel commands for general use (HO)
)
Package pdftexcmds Info: \pdf@primitive is available.
Package pdftexcmds Info: \pdf@ifprimitive is available.
Package pdftexcmds Info: \pdfdraftmode found.
))
\l__siunitx_number_exponent_fixed_int=\count268
\l__siunitx_number_min_decimal_int=\count269
\l__siunitx_number_min_integer_int=\count270
\l__siunitx_number_round_precision_int=\count271
\l__siunitx_number_group_minimum_int=\count272
(C:\Users\Amit\AppData\Local\Programs\MiKTeX\tex/latex/amsmath\amstext.sty
Package: amstext 2021/08/26 v2.01 AMS text

(C:\Users\Amit\AppData\Local\Programs\MiKTeX\tex/latex/amsmath\amsgen.sty
File: amsgen.sty 1999/11/30 v2.0 generic functions
\@emptytoks=\toks18
\ex@=\dimen142
))
\l__siunitx_table_tmp_box=\box58
\l__siunitx_table_tmp_dim=\dimen143
\l__siunitx_table_column_width_dim=\dimen144
\l__siunitx_table_integer_box=\box59
\l__siunitx_table_decimal_box=\box60
\l__siunitx_table_before_box=\box61
\l__siunitx_table_after_box=\box62
\l__siunitx_table_before_dim=\dimen145
\l__siunitx_table_carry_dim=\dimen146
\l__siunitx_unit_tmp_int=\count273
\l__siunitx_unit_position_int=\count274
\l__siunitx_unit_total_int=\count275

(C:\Users\Amit\AppData\Local\Programs\MiKTeX\tex/latex/l3packages/l3keys2e\l3ke
ys2e.sty
Package: l3keys2e 2021-11-12 LaTeX2e option processing using LaTeX3 keys
)
(C:\Users\Amit\AppData\Local\Programs\MiKTeX\tex/latex/tools\array.sty
Package: array 2021/10/04 v2.5f Tabular extension package (FMi)
\col@sep=\dimen147
\ar@mcellbox=\box63
\extrarowheight=\dimen148
\NC@list=\toks19
\extratabsurround=\skip53
\backup@length=\skip54
\ar@cellbox=\box64
))
(C:\Users\Amit\AppData\Local\Programs\MiKTeX\tex/latex/graphics\graphicx.sty
Package: graphicx 2021/09/16 v1.2d Enhanced LaTeX Graphics (DPC,SPQR)

(C:\Users\Amit\AppData\Local\Programs\MiKTeX\tex/latex/graphics\graphics.sty
Package: graphics 2021/03/04 v1.4d Standard LaTeX Graphics (DPC,SPQR)

(C:\Users\Amit\AppData\Local\Programs\MiKTeX\tex/latex/graphics\trig.sty
Package: trig 2021/08/11 v1.11 sin cos tan (DPC)
)
(C:\Users\Amit\AppData\Local\Programs\MiKTeX\tex/latex/graphics-cfg\graphics.cf
g
File: graphics.cfg 2016/06/04 v1.11 sample graphics configuration
)
Package graphics Info: Driver file: pdftex.def on input line 107.

(C:\Users\Amit\AppData\Local\Programs\MiKTeX\tex/latex/graphics-def\pdftex.def
File: pdftex.def 2020/10/05 v1.2a Graphics/color driver for pdftex
))
\Gin@req@height=\dimen149
\Gin@req@width=\dimen150
) (C:\Users\Amit\AppData\Local\Programs\MiKTeX\tex/latex/booktabs\booktabs.sty
Package: booktabs 2020/01/12 v1.61803398 Publication quality tables
\heavyrulewidth=\dimen151
\lightrulewidth=\dimen152
\cmidrulewidth=\dimen153
\belowrulesep=\dimen154
\belowbottomsep=\dimen155
\aboverulesep=\dimen156
\abovetopsep=\dimen157
\cmidrulesep=\dimen158
\cmidrulekern=\dimen159
\defaultaddspace=\dimen160
\@cmidla=\count276
\@cmidlb=\count277
\@aboverulesep=\dimen161
\@belowrulesep=\dimen162
\@thisruleclass=\count278
\@lastruleclass=\count279
\@thisrulewidth=\dimen163
) (C:\Users\Amit\AppData\Local\Programs\MiKTeX\tex/latex/caption\caption.sty
Package: caption 2020/10/26 v3.5g Customizing captions (AR)

(C:\Users\Amit\AppData\Local\Programs\MiKTeX\tex/latex/caption\caption3.sty
Package: caption3 2020/10/21 v2.2e caption3 kernel (AR)
\captionmargin=\dimen164
\captionmargin@=\dimen165
\captionwidth=\dimen166
\caption@tempdima=\dimen167
\caption@indent=\dimen168
\caption@parindent=\dimen169
\caption@hangindent=\dimen170
Package caption Info: Standard document class detected.
)
\c@caption@flags=\count280
\c@continuedfloat=\count281
Package caption Info: longtable package is loaded.

(C:\Users\Amit\AppData\Local\Programs\MiKTeX\tex/latex/caption\ltcaption.sty
Package: ltcaption 2020/05/30 v1.4b longtable captions (AR)
))
(C:\Users\Amit\AppData\Local\Programs\MiKTeX\tex/latex/xcolor\xcolor.sty
Package: xcolor 2021/10/31 v2.13 LaTeX color extensions (UK)

(C:\Users\Amit\AppData\Local\Programs\MiKTeX\tex/latex/graphics-cfg\color.cfg
File: color.cfg 2016/01/02 v1.6 sample color configuration
)
Package xcolor Info: Driver file: pdftex.def on input line 227.

(C:\Users\Amit\AppData\Local\Programs\MiKTeX\tex/latex/colortbl\colortbl.sty
Package: colortbl 2020/01/04 v1.0e Color table columns (DPC)
\everycr=\toks20
\minrowclearance=\skip55
)
\rownum=\count282
Package xcolor Info: Model `cmy' substituted by `cmy0' on input line 1352.
Package xcolor Info: Model `hsb' substituted by `rgb' on input line 1356.
Package xcolor Info: Model `RGB' extended on input line 1368.
Package xcolor Info: Model `HTML' substituted by `rgb' on input line 1370.
Package xcolor Info: Model `Hsb' substituted by `hsb' on input line 1371.
Package xcolor Info: Model `tHsb' substituted by `hsb' on input line 1372.
Package xcolor Info: Model `HSB' substituted by `hsb' on input line 1373.
Package xcolor Info: Model `Gray' substituted by `gray' on input line 1374.
Package xcolor Info: Model `wave' substituted by `hsb' on input line 1375.
)
(C:\Users\Amit\AppData\Local\Programs\MiKTeX\tex/latex/geometry\geometry.sty
Package: geometry 2020/01/02 v5.9 Page Geometry

(C:\Users\Amit\AppData\Local\Programs\MiKTeX\tex/generic/iftex\ifvtex.sty
Package: ifvtex 2019/10/25 v1.7 ifvtex legacy package. Use iftex instead.
)
\Gm@cnth=\count283
\Gm@cntv=\count284
\c@Gm@tempcnt=\count285
\Gm@bindingoffset=\dimen171
\Gm@wd@mp=\dimen172
\Gm@odd@mp=\dimen173
\Gm@even@mp=\dimen174
\Gm@layoutwidth=\dimen175
\Gm@layoutheight=\dimen176
\Gm@layouthoffset=\dimen177
\Gm@layoutvoffset=\dimen178
\Gm@dimlist=\toks21

(C:\Users\Amit\AppData\Local\Programs\MiKTeX\tex/latex/geometry\geometry.cfg))
(C:\Users\Amit\AppData\Local\Programs\MiKTeX\tex/latex/koma-script\scrlayer-scr
page.sty
Package: scrlayer-scrpage 2021/11/13 v3.35 KOMA-Script package (end user interf
ace for scrlayer)

(C:\Users\Amit\AppData\Local\Programs\MiKTeX\tex/latex/koma-script\scrlayer.sty
Package: scrlayer 2021/11/13 v3.35 KOMA-Script package (defining layers and pag
e styles)
\footheight=\skip56
Package scrlayer Info: patching LaTeX kernel macro \pagestyle on input line 216
2.
)
Package scrbase Info: Unknown processing state.
(scrbase)             Processing option `markcase=used'
(scrbase)             of member `.scrlayer-scrpage.sty' of family
(scrbase)             `KOMA' doesn't set
(scrbase)             a valid state. This will be interpreted
(scrbase)             as \FamilyKeyStateProcessed on input line 636.
)
Package scrlayer-scrpage Info: auto-selection of `pagestyleset=standard'.

1: chapter
1: chapter
1: section
) (C:\Users\Amit\AppData\Local\Programs\MiKTeX\tex/latex/base\inputenc.sty
Package: inputenc 2021/02/14 v1.3d Input encoding file
\inpenc@prehook=\toks22
\inpenc@posthook=\toks23
)
(C:\Users\Amit\AppData\Local\Programs\MiKTeX\tex/latex/base\fontenc.sty
Package: fontenc 2021/04/29 v2.0v Standard LaTeX package
)
(C:\Users\Amit\AppData\Local\Programs\MiKTeX\tex/latex/psnfss\mathpazo.sty
Package: mathpazo 2020/03/25 PSNFSS-v9.3 Palatino w/ Pazo Math (D.Puga, WaS) 
\symupright=\mathgroup4
)
(C:\Users\Amit\AppData\Local\Programs\MiKTeX\tex/latex/biblatex\biblatex.sty
Package: biblatex 2020/12/31 v3.16 programmable bibliographies (PK/MW)

(C:\Users\Amit\AppData\Local\Programs\MiKTeX\tex/latex/kvoptions\kvoptions.sty
Package: kvoptions 2020-10-07 v3.14 Key value format for package options (HO)

(C:\Users\Amit\AppData\Local\Programs\MiKTeX\tex/generic/kvsetkeys\kvsetkeys.st
y
Package: kvsetkeys 2019/12/15 v1.18 Key value parser (HO)
)) (C:\Users\Amit\AppData\Local\Programs\MiKTeX\tex/latex/logreq\logreq.sty
Package: logreq 2010/08/04 v1.0 xml request logger
\lrq@indent=\count286

(C:\Users\Amit\AppData\Local\Programs\MiKTeX\tex/latex/logreq\logreq.def
File: logreq.def 2010/08/04 v1.0 logreq spec v1.0
))
(C:\Users\Amit\AppData\Local\Programs\MiKTeX\tex/latex/base\ifthen.sty
Package: ifthen 2020/11/24 v1.1c Standard LaTeX ifthen package (DPC)
)
(C:\Users\Amit\AppData\Local\Programs\MiKTeX\tex/latex/url\url.sty
\Urlmuskip=\muskip16
Package: url 2013/09/16  ver 3.4  Verb mode for urls, etc.
)
\c@tabx@nest=\count287
\c@listtotal=\count288
\c@listcount=\count289
\c@liststart=\count290
\c@liststop=\count291
\c@citecount=\count292
\c@citetotal=\count293
\c@multicitecount=\count294
\c@multicitetotal=\count295
\c@instcount=\count296
\c@maxnames=\count297
\c@minnames=\count298
\c@maxitems=\count299
\c@minitems=\count300
\c@citecounter=\count301
\c@maxcitecounter=\count302
\c@savedcitecounter=\count303
\c@uniquelist=\count304
\c@uniquename=\count305
\c@refsection=\count306
\c@refsegment=\count307
\c@maxextratitle=\count308
\c@maxextratitleyear=\count309
\c@maxextraname=\count310
\c@maxextradate=\count311
\c@maxextraalpha=\count312
\c@abbrvpenalty=\count313
\c@highnamepenalty=\count314
\c@lownamepenalty=\count315
\c@maxparens=\count316
\c@parenlevel=\count317
\blx@tempcnta=\count318
\blx@tempcntb=\count319
\blx@tempcntc=\count320
\blx@maxsection=\count321
\blx@maxsegment@0=\count322
\blx@notetype=\count323
\blx@parenlevel@text=\count324
\blx@parenlevel@foot=\count325
\blx@sectionciteorder@0=\count326
\blx@entrysetcounter=\count327
\blx@biblioinstance=\count328
\labelnumberwidth=\skip57
\labelalphawidth=\skip58
\biblabelsep=\skip59
\bibitemsep=\skip60
\bibnamesep=\skip61
\bibinitsep=\skip62
\bibparsep=\skip63
\bibhang=\skip64
\blx@bcfin=\read3
\blx@bcfout=\write3
\blx@langwohyphens=\language80
\c@mincomprange=\count329
\c@maxcomprange=\count330
\c@mincompwidth=\count331
Package biblatex Info: Trying to load biblatex default data model...
Package biblatex Info: ... file 'blx-dm.def' found.

(C:\Users\Amit\AppData\Local\Programs\MiKTeX\tex/latex/biblatex\blx-dm.def
File: blx-dm.def 2020/12/31 v3.16 biblatex localization (PK/MW)
)
Package biblatex Info: Trying to load biblatex style data model...
Package biblatex Info: ... file 'ieee.dbx' not found.
Package biblatex Info: Trying to load biblatex custom data model...
Package biblatex Info: ... file 'biblatex-dm.cfg' not found.
\c@afterword=\count332
\c@savedafterword=\count333
\c@annotator=\count334
\c@savedannotator=\count335
\c@author=\count336
\c@savedauthor=\count337
\c@bookauthor=\count338
\c@savedbookauthor=\count339
\c@commentator=\count340
\c@savedcommentator=\count341
\c@editor=\count342
\c@savededitor=\count343
\c@editora=\count344
\c@savededitora=\count345
\c@editorb=\count346
\c@savededitorb=\count347
\c@editorc=\count348
\c@savededitorc=\count349
\c@foreword=\count350
\c@savedforeword=\count351
\c@holder=\count352
\c@savedholder=\count353
\c@introduction=\count354
\c@savedintroduction=\count355
\c@namea=\count356
\c@savednamea=\count357
\c@nameb=\count358
\c@savednameb=\count359
\c@namec=\count360
\c@savednamec=\count361
\c@translator=\count362
\c@savedtranslator=\count363
\c@shortauthor=\count364
\c@savedshortauthor=\count365
\c@shorteditor=\count366
\c@savedshorteditor=\count367
\c@labelname=\count368
\c@savedlabelname=\count369
\c@institution=\count370
\c@savedinstitution=\count371
\c@lista=\count372
\c@savedlista=\count373
\c@listb=\count374
\c@savedlistb=\count375
\c@listc=\count376
\c@savedlistc=\count377
\c@listd=\count378
\c@savedlistd=\count379
\c@liste=\count380
\c@savedliste=\count381
\c@listf=\count382
\c@savedlistf=\count383
\c@location=\count384
\c@savedlocation=\count385
\c@organization=\count386
\c@savedorganization=\count387
\c@origlocation=\count388
\c@savedoriglocation=\count389
\c@origpublisher=\count390
\c@savedorigpublisher=\count391
\c@publisher=\count392
\c@savedpublisher=\count393
\c@language=\count394
\c@savedlanguage=\count395
\c@origlanguage=\count396
\c@savedoriglanguage=\count397
\c@pageref=\count398
\c@savedpageref=\count399
\shorthandwidth=\skip65
\shortjournalwidth=\skip66
\shortserieswidth=\skip67
\shorttitlewidth=\skip68
\shortauthorwidth=\skip69
\shorteditorwidth=\skip70
\locallabelnumberwidth=\skip71
\locallabelalphawidth=\skip72
\localshorthandwidth=\skip73
\localshortjournalwidth=\skip74
\localshortserieswidth=\skip75
\localshorttitlewidth=\skip76
\localshortauthorwidth=\skip77
\localshorteditorwidth=\skip78
Package biblatex Info: Trying to load compatibility code...
Package biblatex Info: ... file 'blx-compat.def' found.

(C:\Users\Amit\AppData\Local\Programs\MiKTeX\tex/latex/biblatex\blx-compat.def
File: blx-compat.def 2020/12/31 v3.16 biblatex compatibility (PK/MW)
)
Package biblatex Info: Trying to load BibTeX backend compatibility...
Package biblatex Info: ... file 'blx-bibtex.def' found.
(C:\Users\Amit\AppData\Local\Programs\MiKTeX\tex/latex/biblatex\blx-bibtex.def
File: blx-bibtex.def 2020/12/31 v3.16 biblatex compatibility (PK/MW)


Package biblatex Warning: Using fall-back BibTeX(8) backend:
(biblatex)                functionality may be reduced/unavailable.

)
Package biblatex Info: Trying to load generic definitions...
Package biblatex Info: ... file 'biblatex.def' found.
 (C:\Users\Amit\AppData\Local\Programs\MiKTeX\tex/latex/biblatex\biblatex.def
File: biblatex.def 2020/12/31 v3.16 biblatex compatibility (PK/MW)
\c@textcitecount=\count400
\c@textcitetotal=\count401
\c@textcitemaxnames=\count402
\c@biburlbigbreakpenalty=\count403
\c@biburlbreakpenalty=\count404
\c@biburlnumpenalty=\count405
\c@biburlucpenalty=\count406
\c@biburllcpenalty=\count407
\biburlbigskip=\muskip17
\biburlnumskip=\muskip18
\biburlucskip=\muskip19
\biburllcskip=\muskip20
\c@smartand=\count408
)
Package biblatex Info: Trying to load bibliography style 'ieee'...
Package biblatex Info: ... file 'ieee.bbx' found.
(C:\Users\Amit\AppData\Local\Programs\MiKTeX\tex/latex/biblatex-ieee\ieee.bbx
File: ieee.bbx 2021/12/06 v1.3f biblatex bibliography style
Package biblatex Info: Trying to load bibliography style 'numeric-comp'...
Package biblatex Info: ... file 'numeric-comp.bbx' found.

(C:\Users\Amit\AppData\Local\Programs\MiKTeX\tex/latex/biblatex/bbx\numeric-com
p.bbx
File: numeric-comp.bbx 2020/12/31 v3.16 biblatex bibliography style (PK/MW)
Package biblatex Info: Trying to load bibliography style 'numeric'...
Package biblatex Info: ... file 'numeric.bbx' found.

(C:\Users\Amit\AppData\Local\Programs\MiKTeX\tex/latex/biblatex/bbx\numeric.bbx
File: numeric.bbx 2020/12/31 v3.16 biblatex bibliography style (PK/MW)
Package biblatex Info: Trying to load bibliography style 'standard'...
Package biblatex Info: ... file 'standard.bbx' found.

(C:\Users\Amit\AppData\Local\Programs\MiKTeX\tex/latex/biblatex/bbx\standard.bb
x
File: standard.bbx 2020/12/31 v3.16 biblatex bibliography style (PK/MW)
\c@bbx:relatedcount=\count409
\c@bbx:relatedtotal=\count410
))))
Package biblatex Info: Trying to load citation style 'ieee'...
Package biblatex Info: ... file 'ieee.cbx' found.

(C:\Users\Amit\AppData\Local\Programs\MiKTeX\tex/latex/biblatex-ieee\ieee.cbx
File: ieee.cbx 2021/12/06 v1.3f biblatex citation style
Package biblatex Info: Trying to load citation style 'numeric-comp'...
Package biblatex Info: ... file 'numeric-comp.cbx' found.

(C:\Users\Amit\AppData\Local\Programs\MiKTeX\tex/latex/biblatex/cbx\numeric-com
p.cbx
File: numeric-comp.cbx 2020/12/31 v3.16 biblatex citation style (PK/MW)
\c@cbx@tempcnta=\count411
\c@cbx@tempcntb=\count412
\c@cbx@tempcntc=\count413
\c@cbx@tempcntd=\count414
Package biblatex Info: Redefining '\cite'.
Package biblatex Info: Redefining '\parencite'.
Package biblatex Info: Redefining '\footcite'.
Package biblatex Info: Redefining '\footcitetext'.
Package biblatex Info: Redefining '\smartcite'.
Package biblatex Info: Redefining '\supercite'.
Package biblatex Info: Redefining '\textcite'.
Package biblatex Info: Redefining '\textcites'.
Package biblatex Info: Redefining '\cites'.
Package biblatex Info: Redefining '\parencites'.
Package biblatex Info: Redefining '\smartcites'.
)
Package biblatex Info: Redefining '\cite'.
Package biblatex Info: Redefining '\supercite'.
Package biblatex Info: Redefining '\cites'.
)
Package biblatex Info: Trying to load configuration file...
Package biblatex Info: ... file 'biblatex.cfg' found.

(C:\Users\Amit\AppData\Local\Programs\MiKTeX\tex/latex/biblatex\biblatex.cfg
File: biblatex.cfg 
))
(C:\Users\Amit\AppData\Local\Programs\MiKTeX\tex/latex/csquotes\csquotes.sty
Package: csquotes 2021-02-22 v5.2l context-sensitive quotations (JAW)
\csq@reset=\count415
\csq@gtype=\count416
\csq@glevel=\count417
\csq@qlevel=\count418
\csq@maxlvl=\count419
\csq@tshold=\count420
\csq@ltx@everypar=\toks24

(C:\Users\Amit\AppData\Local\Programs\MiKTeX\tex/latex/csquotes\csquotes.def
File: csquotes.def 2021-02-22 v5.2l csquotes generic definitions (JAW)
)
Package csquotes Info: Trying to load configuration file 'csquotes.cfg'...
Package csquotes Info: ... configuration file loaded successfully.

(C:\Users\Amit\AppData\Local\Programs\MiKTeX\tex/latex/csquotes\csquotes.cfg
File: csquotes.cfg 
)
Package csquotes Info: Enabling multilingual quotes.
)
(C:\Users\Amit\AppData\Local\Programs\MiKTeX\tex/latex/multirow\multirow.sty
Package: multirow 2021/03/15 v2.8 Span multiple rows of a table
\multirow@colwidth=\skip79
\multirow@cntb=\count421
\multirow@dima=\skip80
\bigstrutjot=\dimen179
)
(C:\Users\Amit\AppData\Local\Programs\MiKTeX\tex/latex/float\float.sty
Package: float 2001/11/08 v1.3d Float enhancements (AL)
\c@float@type=\count422
\float@exts=\toks25
\float@box=\box65
\@float@everytoks=\toks26
\@floatcapt=\box66
)
Package scrhack Info: loading float hack on input line 56.

(C:\Users\Amit\AppData\Local\Programs\MiKTeX\tex/latex/koma-script\float.hak
File: float.hak 2021/11/13 v3.35 KOMA-Script scrhack part (hacking package floa
t)

(C:\Users\Amit\AppData\Local\Programs\MiKTeX\tex/latex/koma-script\tocbasic.sty
Package: tocbasic 2021/11/13 v3.35 KOMA-Script package (handling toc-files)
\scr@dte@tocline@numberwidth=\skip81
\scr@dte@tocline@numbox=\box67
)
Package scrhack Info: redefining \newfloat on input line 163.
Package scrhack Info: redefining \listof on input line 163.
Package scrhack Info: undefining \float@addtolists on input line 163.
)
(C:\Users\Amit\AppData\Local\Programs\MiKTeX\tex/latex/pdflscape\pdflscape.sty
Package: pdflscape 2019/12/05 v0.12 Display of landscape pages in PDF (HO)

(C:\Users\Amit\AppData\Local\Programs\MiKTeX\tex/latex/graphics\lscape.sty
Package: lscape 2020/05/28 v3.02 Landscape Pages (DPC)
)
Package scrhack Info: loading lscape hack on input line 77.

(C:\Users\Amit\AppData\Local\Programs\MiKTeX\tex/latex/koma-script\lscape.hak
File: lscape.hak 2021/11/13 v3.35 KOMA-Script scrhack part (hacking package lsc
ape)
Package scrhack Info: \landscape patched to make \textheight change optional on
 input line 90.
\scrh@LT@textheight=\skip82
)
Package pdflscape Info: Auto-detected driver: pdftex on input line 81.
) (C:\Users\Amit\AppData\Local\Programs\MiKTeX\tex/latex/graphics\rotating.sty
Package: rotating 2016/08/11 v2.16d rotated objects in LaTeX
\c@r@tfl@t=\count423
\rotFPtop=\skip83
\rotFPbot=\skip84
\rot@float@box=\box68
\rot@mess@toks=\toks27
)
\symrsfs=\mathgroup5

(C:\Users\Amit\AppData\Local\Programs\MiKTeX\tex/latex/amsmath\amsmath.sty
Package: amsmath 2021/10/15 v2.17l AMS math features
\@mathmargin=\skip85

For additional information on amsmath, use the `?' option.
(C:\Users\Amit\AppData\Local\Programs\MiKTeX\tex/latex/amsmath\amsbsy.sty
Package: amsbsy 1999/11/29 v1.2d Bold Symbols
\pmbraise@=\dimen180
)
(C:\Users\Amit\AppData\Local\Programs\MiKTeX\tex/latex/amsmath\amsopn.sty
Package: amsopn 2021/08/26 v2.02 operator names
)
\inf@bad=\count424
LaTeX Info: Redefining \frac on input line 234.
\uproot@=\count425
\leftroot@=\count426
LaTeX Info: Redefining \overline on input line 399.
\classnum@=\count427
\DOTSCASE@=\count428
LaTeX Info: Redefining \ldots on input line 496.
LaTeX Info: Redefining \dots on input line 499.
LaTeX Info: Redefining \cdots on input line 620.
\Mathstrutbox@=\box69
\strutbox@=\box70
\big@size=\dimen181
LaTeX Font Info:    Redeclaring font encoding OML on input line 743.
LaTeX Font Info:    Redeclaring font encoding OMS on input line 744.
\macc@depth=\count429
\c@MaxMatrixCols=\count430
\dotsspace@=\muskip21
\c@parentequation=\count431
\dspbrk@lvl=\count432
\tag@help=\toks28
\row@=\count433
\column@=\count434
\maxfields@=\count435
\andhelp@=\toks29
\eqnshift@=\dimen182
\alignsep@=\dimen183
\tagshift@=\dimen184
\tagwidth@=\dimen185
\totwidth@=\dimen186
\lineht@=\dimen187
\@envbody=\toks30
\multlinegap=\skip86
\multlinetaggap=\skip87
\mathdisplay@stack=\toks31
LaTeX Info: Redefining \[ on input line 2938.
LaTeX Info: Redefining \] on input line 2939.
)
(C:\Users\Amit\AppData\Local\Programs\MiKTeX\tex/latex/stackengine\stackengine.
sty
Package: stackengine 2021/07/22 v4.11\ Stacking text and objects in convenient 
ways

(C:\Users\Amit\AppData\Local\Programs\MiKTeX\tex/latex/listofitems\listofitems.
sty
(C:\Users\Amit\AppData\Local\Programs\MiKTeX\tex/generic/listofitems\listofitem
s.tex
\loi_cnt_foreach_nest=\count436
\loi_nestcnt=\count437
)
Package: listofitems 2019/08/21 v1.63 Grab items in lists using user-specified 
sep char (CT)
) (C:\Users\Amit\AppData\Local\Programs\MiKTeX\tex/latex/tools\calc.sty
Package: calc 2017/05/25 v4.3 Infix arithmetic (KKT,FJ)
\calc@Acount=\count438
\calc@Bcount=\count439
\calc@Adimen=\dimen188
\calc@Bdimen=\dimen189
\calc@Askip=\skip88
\calc@Bskip=\skip89
LaTeX Info: Redefining \setlength on input line 80.
LaTeX Info: Redefining \addtolength on input line 81.
\calc@Ccount=\count440
\calc@Cskip=\skip90
)
\c@@stackindex=\count441
\@boxshift=\skip91
\stack@tmplength=\skip92
\temp@stkl=\skip93
\@stackedboxwidth=\skip94
\@addedbox=\box71
\@anchorbox=\box72
\@insetbox=\box73
\se@backgroundbox=\box74
\stackedbox=\box75
\@centerbox=\box76
\c@ROWcellindex@=\count442
) (C:\Users\Amit\AppData\Local\Programs\MiKTeX\tex/latex/listings\listings.sty
\lst@mode=\count443
\lst@gtempboxa=\box77
\lst@token=\toks32
\lst@length=\count444
\lst@currlwidth=\dimen190
\lst@column=\count445
\lst@pos=\count446
\lst@lostspace=\dimen191
\lst@width=\dimen192
\lst@newlines=\count447
\lst@lineno=\count448
\lst@maxwidth=\dimen193

(C:\Users\Amit\AppData\Local\Programs\MiKTeX\tex/latex/listings\lstmisc.sty
File: lstmisc.sty 2020/03/24 1.8d (Carsten Heinz)
\c@lstnumber=\count449
\lst@skipnumbers=\count450
\lst@framebox=\box78
)
(C:\Users\Amit\AppData\Local\Programs\MiKTeX\tex/latex/listings\listings.cfg
File: listings.cfg 2020/03/24 1.8d listings configuration
))
Package scrhack Info: loading listings hack on input line 74.

(C:\Users\Amit\AppData\Local\Programs\MiKTeX\tex/latex/koma-script\listings.hak
File: listings.hak 2021/11/13 v3.35 KOMA-Script scrhack part (hacking package l
istings)
Package tocbasic Info: setting babel extension for `lol' on input line 143.
Package scrhack Info: redefining \lstlistoflistings on input line 143.
)
Package: listings 2020/03/24 1.8d (Carsten Heinz)
 (C:\Users\Amit\AppData\Local\Programs\MiKTeX\tex/latex/listings\lstlang1.sty
File: lstlang1.sty 2020/03/24 1.8d listings language file
) (C:\Users\Amit\AppData\Local\Programs\MiKTeX\tex/latex/listings\lstlang2.sty
File: lstlang2.sty 2020/03/24 1.8d listings language file
)
(C:\Users\Amit\AppData\Local\Programs\MiKTeX\tex/latex/listings\lstlang3.sty
File: lstlang3.sty 2020/03/24 1.8d listings language file
)
(C:\Users\Amit\AppData\Local\Programs\MiKTeX\tex/latex/hyperref\hyperref.sty
Package: hyperref 2021-06-07 v7.00m Hypertext links for LaTeX

(C:\Users\Amit\AppData\Local\Programs\MiKTeX\tex/generic/kvdefinekeys\kvdefinek
eys.sty
Package: kvdefinekeys 2019-12-19 v1.6 Define keys (HO)
)
(C:\Users\Amit\AppData\Local\Programs\MiKTeX\tex/generic/pdfescape\pdfescape.st
y
Package: pdfescape 2019/12/09 v1.15 Implements pdfTeX's escape features (HO)
) (C:\Users\Amit\AppData\Local\Programs\MiKTeX\tex/latex/hycolor\hycolor.sty
Package: hycolor 2020-01-27 v1.10 Color options for hyperref/bookmark (HO)
)
(C:\Users\Amit\AppData\Local\Programs\MiKTeX\tex/latex/letltxmacro\letltxmacro.
sty
Package: letltxmacro 2019/12/03 v1.6 Let assignment for LaTeX macros (HO)
) (C:\Users\Amit\AppData\Local\Programs\MiKTeX\tex/latex/auxhook\auxhook.sty
Package: auxhook 2019-12-17 v1.6 Hooks for auxiliary files (HO)
)
\@linkdim=\dimen194
\Hy@linkcounter=\count451
\Hy@pagecounter=\count452
 (C:\Users\Amit\AppData\Local\Programs\MiKTeX\tex/latex/hyperref\pd1enc.def
File: pd1enc.def 2021-06-07 v7.00m Hyperref: PDFDocEncoding definition (HO)
Now handling font encoding PD1 ...
... no UTF-8 mapping file for font encoding PD1
)
(C:\Users\Amit\AppData\Local\Programs\MiKTeX\tex/latex/hyperref\hyperref-langpa
tches.def
File: hyperref-langpatches.def 2021-06-07 v7.00m Hyperref: patches for babel la
nguages
)
(C:\Users\Amit\AppData\Local\Programs\MiKTeX\tex/generic/intcalc\intcalc.sty
Package: intcalc 2019/12/15 v1.3 Expandable calculations with integers (HO)
)
(C:\Users\Amit\AppData\Local\Programs\MiKTeX\tex/generic/etexcmds\etexcmds.sty
Package: etexcmds 2019/12/15 v1.7 Avoid name clashes with e-TeX commands (HO)
)
\Hy@SavedSpaceFactor=\count453
(C:\Users\Amit\AppData\Local\Programs\MiKTeX\tex/latex/hyperref\puenc.def
File: puenc.def 2021-06-07 v7.00m Hyperref: PDF Unicode definition (HO)
Now handling font encoding PU ...
... no UTF-8 mapping file for font encoding PU
)
Package hyperref Info: Hyper figures OFF on input line 4192.
Package hyperref Info: Link nesting OFF on input line 4197.
Package hyperref Info: Hyper index ON on input line 4200.
Package hyperref Info: Plain pages OFF on input line 4207.
Package hyperref Info: Backreferencing OFF on input line 4212.
Package hyperref Info: Implicit mode ON; LaTeX internals redefined.
Package hyperref Info: Bookmarks ON on input line 4445.
\c@Hy@tempcnt=\count454
LaTeX Info: Redefining \url on input line 4804.
\XeTeXLinkMargin=\dimen195

(C:\Users\Amit\AppData\Local\Programs\MiKTeX\tex/generic/bitset\bitset.sty
Package: bitset 2019/12/09 v1.3 Handle bit-vector datatype (HO)

(C:\Users\Amit\AppData\Local\Programs\MiKTeX\tex/generic/bigintcalc\bigintcalc.
sty
Package: bigintcalc 2019/12/15 v1.5 Expandable calculations on big integers (HO
)
))
\Fld@menulength=\count455
\Field@Width=\dimen196
\Fld@charsize=\dimen197
Package hyperref Info: Hyper figures OFF on input line 6076.
Package hyperref Info: Link nesting OFF on input line 6081.
Package hyperref Info: Hyper index ON on input line 6084.
Package hyperref Info: backreferencing OFF on input line 6091.
Package hyperref Info: Link coloring OFF on input line 6096.
Package hyperref Info: Link coloring with OCG OFF on input line 6101.
Package hyperref Info: PDF/A mode OFF on input line 6106.
LaTeX Info: Redefining \ref on input line 6146.
LaTeX Info: Redefining \pageref on input line 6150.

(C:\Users\Amit\AppData\Local\Programs\MiKTeX\tex/latex/base\atbegshi-ltx.sty
Package: atbegshi-ltx 2021/01/10 v1.0c Emulation of the original atbegshi
package with kernel methods
)
\Hy@abspage=\count456
\c@Item=\count457
\c@Hfootnote=\count458
)
Package scrhack Info: hyperref hack deactivated because of
(scrhack)             detection of hyperref version, that doesn't
(scrhack)             need that hack, on input line 119.
Package hyperref Info: Driver (autodetected): hpdftex.

(C:\Users\Amit\AppData\Local\Programs\MiKTeX\tex/latex/hyperref\hpdftex.def
File: hpdftex.def 2021-06-07 v7.00m Hyperref driver for pdfTeX

(C:\Users\Amit\AppData\Local\Programs\MiKTeX\tex/latex/base\atveryend-ltx.sty
Package: atveryend-ltx 2020/08/19 v1.0a Emulation of the original atveryend pac
kage
with kernel methods
)
\Fld@listcount=\count459
\c@bookmark@seq@number=\count460

(C:\Users\Amit\AppData\Local\Programs\MiKTeX\tex/latex/rerunfilecheck\rerunfile
check.sty
Package: rerunfilecheck 2019/12/05 v1.9 Rerun checks for auxiliary files (HO)

(C:\Users\Amit\AppData\Local\Programs\MiKTeX\tex/generic/uniquecounter\uniqueco
unter.sty
Package: uniquecounter 2019/12/15 v1.4 Provide unlimited unique counter (HO)
)
Package uniquecounter Info: New unique counter `rerunfilecheck' on input line 2
86.
)
\Hy@SectionHShift=\skip95
)
Package hyperref Info: Option `bookmarksopen' set `true' on input line 119.
Package hyperref Info: Option `hypertexnames' set `false' on input line 119.
Package hyperref Info: Option `colorlinks' set `true' on input line 119.
Package hyperref Info: Option `unicode' set `true' on input line 119.
Package hyperref Info: Option `breaklinks' set `true' on input line 119.
Package csquotes Info: Checking for multilingual support...
Package csquotes Info: ... found 'babel' package.
LaTeX Font Info:    Trying to load font information for T1+ppl on input line 11
9.

(C:\Users\Amit\AppData\Local\Programs\MiKTeX\tex/latex/psnfss\t1ppl.fd
File: t1ppl.fd 2001/06/04 font definitions for T1/ppl.
)
(main.aux (Chapters/Introduction/Introduction_tex.aux)
(Chapters/Adept/Adept_tex.aux) (Chapters/WT/WT_tex.aux)
(Chapters/TITE-DTP/TITE-DTP_tex.aux) (Chapters/ETP/ETP_tex.aux)
(Chapters/Conclusion/Conclusion_tex.aux) (Appendices/Appendix_ETP_examples.aux)
(Appendices/Appendix_Adept_code.aux))
\openout1 = `main.aux'.

LaTeX Font Info:    Checking defaults for OML/cmm/m/it on input line 119.
LaTeX Font Info:    ... okay on input line 119.
LaTeX Font Info:    Checking defaults for OMS/cmsy/m/n on input line 119.
LaTeX Font Info:    ... okay on input line 119.
LaTeX Font Info:    Checking defaults for OT1/cmr/m/n on input line 119.
LaTeX Font Info:    ... okay on input line 119.
LaTeX Font Info:    Checking defaults for T1/cmr/m/n on input line 119.
LaTeX Font Info:    ... okay on input line 119.
LaTeX Font Info:    Checking defaults for TS1/cmr/m/n on input line 119.
LaTeX Font Info:    ... okay on input line 119.
LaTeX Font Info:    Checking defaults for OMX/cmex/m/n on input line 119.
LaTeX Font Info:    ... okay on input line 119.
LaTeX Font Info:    Checking defaults for U/cmr/m/n on input line 119.
LaTeX Font Info:    ... okay on input line 119.
LaTeX Font Info:    Checking defaults for PD1/pdf/m/n on input line 119.
LaTeX Font Info:    ... okay on input line 119.
LaTeX Font Info:    Checking defaults for PU/pdf/m/n on input line 119.
LaTeX Font Info:    ... okay on input line 119.


LaTeX hooks Warning: Generic hook
(hooks)              'file/after/translations-basic-dictionary-english.trsl'
(hooks)              is deprecated.
(hooks)              Use hook
(hooks)              'file/translations-basic-dictionary-english.trsl/after'
(hooks)              instead.


(C:\Users\Amit\AppData\Local\Programs\MiKTeX\tex/latex/translations/dicts\trans
lations-basic-dictionary-english.trsl
File: translations-basic-dictionary-english.trsl (english translation file `tra
nslations-basic-dictionary')
)
Package translations Info: loading dictionary `translations-basic-dictionary' f
or `english'. on input line 119.

(C:\Users\Amit\AppData\Local\Programs\MiKTeX\tex/context/base/mkii\supp-pdf.mki
i
[Loading MPS to PDF converter (version 2006.09.02).]
\scratchcounter=\count461
\scratchdimen=\dimen198
\scratchbox=\box79
\nofMPsegments=\count462
\nofMParguments=\count463
\everyMPshowfont=\toks33
\MPscratchCnt=\count464
\MPscratchDim=\dimen199
\MPnumerator=\count465
\makeMPintoPDFobject=\count466
\everyMPtoPDFconversion=\toks34
)
(C:\Users\Amit\AppData\Local\Programs\MiKTeX\tex/latex/epstopdf-pkg\epstopdf-ba
se.sty
Package: epstopdf-base 2020-01-24 v2.11 Base part for package epstopdf
Package epstopdf-base Info: Redefining graphics rule for `.eps' on input line 4
85.

(C:\Users\Amit\AppData\Local\Programs\MiKTeX\tex/latex/00miktex\epstopdf-sys.cf
g
File: epstopdf-sys.cfg 2021/03/18 v2.0 Configuration of epstopdf for MiKTeX
))
Package caption Info: Begin \AtBeginDocument code.
Package caption Info: float package is loaded.
Package caption Info: hyperref package is loaded.
Package caption Info: listings package is loaded.
Package caption Info: rotating package is loaded.
Package caption Info: End \AtBeginDocument code.

*geometry* driver: auto-detecting
*geometry* detected driver: pdftex
*geometry* verbose mode - [ preamble ] result:
* driver: pdftex
* paper: a4paper
* layout: <same size as paper>
* layoutoffset:(h,v)=(0.0pt,0.0pt)
* bindingoffset: 14.22636pt
* modes: includehead includefoot twoside 
* h-part:(L,W,R)=(85.35826pt, 412.56499pt, 85.35826pt)
* v-part:(T,H,B)=(56.9055pt, 731.23584pt, 56.9055pt)
* \paperwidth=597.50787pt
* \paperheight=845.04684pt
* \textwidth=412.56499pt
* \textheight=660.70042pt
* \oddsidemargin=27.31464pt
* \evensidemargin=13.08827pt
* \topmargin=-15.36449pt
* \headheight=20.66162pt
* \headsep=19.8738pt
* \topskip=12.0pt
* \footskip=30.0pt
* \marginparwidth=98.0pt
* \marginparsep=7.0pt
* \columnsep=10.0pt
* \skip\footins=10.8pt plus 4.0pt minus 2.0pt
* \hoffset=0.0pt
* \voffset=0.0pt
* \mag=1000
* \@twocolumnfalse
* \@twosidetrue
* \@mparswitchtrue
* \@reversemarginfalse
* (1in=72.27pt=25.4mm, 1cm=28.453pt)

Package scrlayer Info: Setting magic \footheight to \baselineskip while
(scrlayer)             \begin{document} on input line 119.

Package scrlayer-scrpage Warning: Very small head height detected!
(scrlayer-scrpage)                Using scrlayer-scrpage the head height
(scrlayer-scrpage)                should be at least \baselineskip, which is
(scrlayer-scrpage)                23.99748pt currently.
(scrlayer-scrpage)                But head height is currently 20.66162pt only.

(scrlayer-scrpage)                You may use
(scrlayer-scrpage)                geometry option `head=23.99748pt'
(scrlayer-scrpage)                or load package `scrlayer-scrpage' with
(scrlayer-scrpage)                option `singlespacing=true'
(scrlayer-scrpage)                to avoid this warning.

Package scrbase Info: activating english \abbrevname on input line 119.
Package scrbase Info: activating english \byname on input line 119.
Package scrbase Info: activating english \acknowledgementname on input line 119
.
Package scrbase Info: activating english \authorshipname on input line 119.
Package scrbase Info: activating english \constantsname on input line 119.
Package scrbase Info: activating english \symbolsname on input line 119.
Package biblatex Info: Trying to load language 'english'...
Package biblatex Info: ... file 'english.lbx' found.

(C:\Users\Amit\AppData\Local\Programs\MiKTeX\tex/latex/biblatex/lbx\english.lbx
File: english.lbx 2020/12/31 v3.16 biblatex localization (PK/MW)
)
Package biblatex Info: Input encoding 'utf8' detected.
Package biblatex Info: Automatic encoding selection.
(biblatex)             Assuming data encoding 'utf8'.
Package biblatex Info: Input encoding 'utf8' specified.
Package biblatex Info: Data encoding 'utf8' specified.
(biblatex)             No need to reencode data.
Package biblatex Info: Document encoding is UTF8 ....
Package biblatex Info: ... and expl3
(biblatex)             2021-11-22 L3 programming layer (loader) 
(biblatex)             is new enough (at least 2020/04/06),
(biblatex)             setting 'casechanger=expl3'.

(C:\Users\Amit\AppData\Local\Programs\MiKTeX\tex/latex/biblatex\blx-case-expl3.
sty
Package: blx-case-expl3 2020/12/31 v3.16 expl3 case changing code for biblatex
)
\openout3 = `main-blx.bib'.

Package biblatex Info: Trying to load bibliographic data...
Package biblatex Info: ... file 'main.bbl' found.
 (main.bbl

Package biblatex Warning: BibTeX reported the following issues
(biblatex)                with 'cancerreaserchukHeadNeckCancers2017':
(biblatex)                - Invalid format of field 'date' 
(biblatex)                - Invalid format of field 'date'.

)
Package biblatex Info: Reference section=0 on input line 119.
Package biblatex Info: Reference segment=0 on input line 119.
\c@lstlisting=\count467
Package scrhack Info: undefining \float@addtolists on input line 119.
Package hyperref Info: Link coloring ON on input line 119.
 (C:\Users\Amit\AppData\Local\Programs\MiKTeX\tex/latex/hyperref\nameref.sty
Package: nameref 2021-04-02 v2.47 Cross-referencing by name of section

(C:\Users\Amit\AppData\Local\Programs\MiKTeX\tex/latex/refcount\refcount.sty
Package: refcount 2019/12/15 v3.6 Data extraction from label references (HO)
)
(C:\Users\Amit\AppData\Local\Programs\MiKTeX\tex/generic/gettitlestring\gettitl
estring.sty
Package: gettitlestring 2019/12/15 v1.6 Cleanup title references (HO)
)
\c@section@level=\count468
)
LaTeX Info: Redefining \ref on input line 119.
LaTeX Info: Redefining \pageref on input line 119.
LaTeX Info: Redefining \nameref on input line 119.
 (main.out) (main.out)
\@outlinefile=\write4
\openout4 = `main.out'.


1: section
[1



{C:/Users/Amit/AppData/Local/MiKTeX/fonts/map/pdftex/pdftex.map}] [2

]
--------------------
 Abstract
--------------------
1: section
LaTeX Font Info:    Trying to load font information for OT1+ppl on input line 2
29.
(C:\Users\Amit\AppData\Local\Programs\MiKTeX\tex/latex/psnfss\ot1ppl.fd
File: ot1ppl.fd 2001/06/04 font definitions for OT1/ppl.
)
LaTeX Font Info:    Trying to load font information for OML+zplm on input line 
229.

(C:\Users\Amit\AppData\Local\Programs\MiKTeX\tex/latex/psnfss\omlzplm.fd
File: omlzplm.fd 2002/09/08 Fontinst v1.914 font definitions for OML/zplm.
)
LaTeX Font Info:    Trying to load font information for OMS+zplm on input line 
229.

(C:\Users\Amit\AppData\Local\Programs\MiKTeX\tex/latex/psnfss\omszplm.fd
File: omszplm.fd 2002/09/08 Fontinst v1.914 font definitions for OMS/zplm.
)
LaTeX Font Info:    Trying to load font information for OMX+zplm on input line 
229.

(C:\Users\Amit\AppData\Local\Programs\MiKTeX\tex/latex/psnfss\omxzplm.fd
File: omxzplm.fd 2002/09/08 Fontinst v1.914 font definitions for OMX/zplm.
)
LaTeX Font Info:    Trying to load font information for OT1+zplm on input line 
229.

(C:\Users\Amit\AppData\Local\Programs\MiKTeX\tex/latex/psnfss\ot1zplm.fd
File: ot1zplm.fd 2002/09/08 Fontinst v1.914 font definitions for OT1/zplm.
)
LaTeX Font Info:    Trying to load font information for U+rsfs on input line 22
9.

(C:\Users\Amit\AppData\Local\Programs\MiKTeX\tex/latex/jknappen\ursfs.fd
File: ursfs.fd 1998/03/24 rsfs font definition file (jk)
)

Package scrlayer-scrpage Warning: \headheight to low.
(scrlayer-scrpage)                At least 23.99747pt needed,
(scrlayer-scrpage)                but only 20.66162pt found.
(scrlayer-scrpage)                I'll enlarge \headheight, for further
(scrlayer-scrpage)                processing, but you should do this yourself,
(scrlayer-scrpage)                e.g., setting geometry's option
(scrlayer-scrpage)                `head=23.99747pt'.
(scrlayer-scrpage)                I'll also decrease \topmargin on input line 2
29.


Overfull \vbox (3.33585pt too high) has occurred while \output is active []


[3] [4

]
--------------------
 Acknowledgements
--------------------
1: section
[5] [6

] (main.toc
1: section
[7] [8])
\tf@toc=\write5
\openout5 = `main.toc'.

 [9] [10

] (main.lof
1: section
[11] [12])
\tf@lof=\write6
\openout6 = `main.lof'.

 [13] [14

] (main.lot
1: section
[15]
Overfull \hbox (24.97519pt too wide) in paragraph at lines 74--74
 [][] [][][]\T1/ppl/m/n/12 Different dose rec-om-men-da-tions with over-lap-pin
g com-bined follow- 
 []

[16])
\tf@lot=\write7
\openout7 = `main.lot'.

 [17] [18

]
1: section
\openout2 = `Chapters/Introduction/Introduction_tex.aux'.

(Chapters/Introduction/Introduction_tex.tex
Chapter 1.
1: section
[1


]
Overfull \hbox (1.01042pt too wide) in paragraph at lines 25--26
\T1/ppl/m/n/12 ever, there is no defini-tive bound-ary be-tween early and late 
phase tri-als. Phases
 []

[2] [3] [4] [5] [6] [7] [8]) [9]
\openout2 = `Chapters/Adept/Adept_tex.aux'.

 (Chapters/Adept/Adept_tex.tex [10




]
Chapter 2.
1: section
[11]
Overfull \hbox (7.68254pt too wide) in paragraph at lines 20--21
\T1/ppl/m/n/12 and ef-fi-cacy of dif-fer-ent DDR agents, or dif-fer-ent im-muno
ther-apy agents and/or
 []

[12] [13]
Overfull \hbox (5.0661pt too wide) in paragraph at lines 28--29
\T1/ppl/m/n/12 to as the time-to-event CRM (TITE-CRM), uses a weighted dose-res
ponse model
 []

<Figures//Adept-DoseExample.pdf, id=792, 160.6803pt x 146.4672pt>
File: Figures//Adept-DoseExample.pdf Graphic file (type pdf)
<use Figures//Adept-DoseExample.pdf>
Package pdftex.def Info: Figures//Adept-DoseExample.pdf  used on input line 34.

(pdftex.def)             Requested size: 309.42374pt x 282.09435pt.

LaTeX Warning: `!h' float specifier changed to `!ht'.

[14] [15 <./Figures//Adept-DoseExample.pdf

pdfTeX warning: pdflatex.exe (file ./Figures//Adept-DoseExample.pdf): PDF inclu
sion: invalid other resource which is no dict (key 'ProcSets', type <array>); i
gnored.
>] [16] [17] [18] [19] [20] [21]
Overfull \hbox (1.45348pt too wide) in paragraph at lines 137--138
\T1/ppl/m/n/12 The de-ci-sion to im-ple-ment PO-TITE-CRM into ADePT-DDR was mad
e by Piers
 []

[22] [23]
Overfull \hbox (7.31252pt too wide) in paragraph at lines 169--169
 []|\T1/ppl/b/n/12 Duration 
 []



pdfTeX warning: pdflatex.exe (file ./Figures//Adept-DoseCombos.pdf): PDF inclus
ion: found PDF version <1.7>, but at most version <1.5> allowed
<Figures//Adept-DoseCombos.pdf, id=932, 491.91779pt x 572.1375pt>
File: Figures//Adept-DoseCombos.pdf Graphic file (type pdf)
<use Figures//Adept-DoseCombos.pdf>
Package pdftex.def Info: Figures//Adept-DoseCombos.pdf  used on input line 186.

(pdftex.def)             Requested size: 412.56499pt x 479.85016pt.

LaTeX Warning: `!h' float specifier changed to `!ht'.

[24] [25 <./Figures//Adept-DoseCombos.pdf>] [26] [27]
Overfull \hbox (13.09404pt too wide) in paragraph at lines 210--212
\T1/ppl/m/n/12 weight-ing to the min-i-mum fol-low up pe-riod be-fore dose esca
lation/de-escalation
 []

<Figures//Adept-WeightFunction.pdf, id=968, 713.66624pt x 434.62375pt>
File: Figures//Adept-WeightFunction.pdf Graphic file (type pdf)
<use Figures//Adept-WeightFunction.pdf>
Package pdftex.def Info: Figures//Adept-WeightFunction.pdf  used on input line 
217.
(pdftex.def)             Requested size: 412.56499pt x 251.25296pt.

LaTeX Warning: `!h' float specifier changed to `!ht'.

[28] [29 <./Figures//Adept-WeightFunction.pdf>] [30]

LaTeX Warning: `!h' float specifier changed to `!ht'.

[31] [32] [33]
<Figures//Adept-ToyCohortData.pdf, id=1010, 727.71875pt x 450.68375pt>
File: Figures//Adept-ToyCohortData.pdf Graphic file (type pdf)
<use Figures//Adept-ToyCohortData.pdf>
Package pdftex.def Info: Figures//Adept-ToyCohortData.pdf  used on input line 2
96.
(pdftex.def)             Requested size: 412.56499pt x 255.51015pt.
<Figures//Adept-ToyDoseData.pdf, id=1011, 727.71875pt x 450.68375pt>
File: Figures//Adept-ToyDoseData.pdf Graphic file (type pdf)
<use Figures//Adept-ToyDoseData.pdf>
Package pdftex.def Info: Figures//Adept-ToyDoseData.pdf  used on input line 304
.
(pdftex.def)             Requested size: 412.56499pt x 255.51015pt.


LaTeX Warning: `!h' float specifier changed to `!ht'.

[34 <./Figures//Adept-ToyCohortData.pdf>] [35 <./Figures//Adept-ToyDoseData.pdf
>] [36]

LaTeX Warning: `!h' float specifier changed to `!ht'.


LaTeX Warning: `!h' float specifier changed to `!ht'.

[37] [38] [39] [40]
<Figures//Adept-DLTRates.pdf, id=1091, 844.15375pt x 597.23125pt>
File: Figures//Adept-DLTRates.pdf Graphic file (type pdf)
<use Figures//Adept-DLTRates.pdf>
Package pdftex.def Info: Figures//Adept-DLTRates.pdf  used on input line 547.
(pdftex.def)             Requested size: 412.56499pt x 291.88948pt.


LaTeX Warning: `!h' float specifier changed to `!ht'.

[41] [42 <./Figures//Adept-DLTRates.pdf>] [43]
<Figures//Adept-SimsOrder1.pdf, id=1122, 849.1725pt x 433.62pt>
File: Figures//Adept-SimsOrder1.pdf Graphic file (type pdf)
<use Figures//Adept-SimsOrder1.pdf>
Package pdftex.def Info: Figures//Adept-SimsOrder1.pdf  used on input line 830.

(pdftex.def)             Requested size: 412.56499pt x 210.66936pt.


LaTeX Warning: `!h' float specifier changed to `!ht'.

<Figures//Adept-SimsOrder2.pdf, id=1125, 849.1725pt x 433.62pt>
File: Figures//Adept-SimsOrder2.pdf Graphic file (type pdf)
<use Figures//Adept-SimsOrder2.pdf>
Package pdftex.def Info: Figures//Adept-SimsOrder2.pdf  used on input line 837.

(pdftex.def)             Requested size: 412.56499pt x 210.66936pt.

LaTeX Warning: `!h' float specifier changed to `!ht'.

[44] [45] [46] [47 <./Figures//Adept-SimsOrder1.pdf> <./Figures//Adept-SimsOrde
r2.pdf>] [48] [49] [50] [51]) [52]
\openout2 = `Chapters/WT/WT_tex.aux'.

 (Chapters/WT/WT_tex.tex
Chapter 3.
1: section
[53




]
Overfull \hbox (1.21432pt too wide) in paragraph at lines 24--25
\T1/ppl/m/n/12 and Yuan [[][]46[][]]. U-BOIN jointly mod-els tox-i-c-ity and ef
-fi-cacy with a multinomial-
 []

[54] [55] [56]
Overfull \hbox (0.1431pt too wide) in paragraph at lines 38--39
[]\T1/ppl/m/n/12 Section [][]3.2[][], de-tails the sta-tis-ti-cal as-pects of t
he WT de-sign and how it works.
 []

[57] [58] [59] [60] [61] [62] [63]
<Figures//WT-TwoArmExample.pdf, id=1293, 389.5353pt x 608.2725pt>
File: Figures//WT-TwoArmExample.pdf Graphic file (type pdf)
<use Figures//WT-TwoArmExample.pdf>
Package pdftex.def Info: Figures//WT-TwoArmExample.pdf  used on input line 182.

(pdftex.def)             Requested size: 317.67679pt x 496.05794pt.


LaTeX Warning: `!h' float specifier changed to `!ht'.

[64] [65 <./Figures//WT-TwoArmExample.pdf>]
Overfull \hbox (1.39406pt too wide) in paragraph at lines 195--196
\T1/ppl/m/n/12 mod-i-fi-ca-tion only im-pacts the adap-tive ran-domi-sa-tion (A
R) phase and re-quires
 []

[66] [67] [68] [69] [70] [71]
LaTeX Font Info:    Trying to load font information for TS1+ppl on input line 2
74.

(C:\Users\Amit\AppData\Local\Programs\MiKTeX\tex/latex/psnfss\ts1ppl.fd
File: ts1ppl.fd 2001/06/04 font definitions for TS1/ppl.
)
[72] [73] [74]
Overfull \hbox (10.9846pt too wide) in alignment at lines 332--338
 [] [] [] [] [] [] [] [] [] [] 
 []


Overfull \hbox (10.9846pt too wide) in alignment at lines 338--343
 [] [] [] [] [] [] [] [] [] [] 
 []


Overfull \hbox (10.9846pt too wide) in alignment at lines 343--345
 [] [] [] [] [] [] [] [] [] [] 
 []


Overfull \hbox (10.9846pt too wide) in alignment at lines 345--347
 [] [] [] [] [] [] [] [] [] [] 
 []


Overfull \hbox (10.9846pt too wide) in alignment at lines 347--647
 [] [] [] [] [] [] [] [] [] [] 
 []

[75] [76] [77] [78] [79] [80] [81] [82] [83] [84]

LaTeX Warning: `!h' float specifier changed to `!ht'.

[85] [86] [87] [88] [89] [90] [91]

LaTeX Warning: `!h' float specifier changed to `!ht'.

[92] [93] [94] [95]
Overfull \hbox (12.86227pt too wide) in alignment at lines 971--976
 [] [] [] [] [] [] [] [] [] 
 []


Overfull \hbox (12.86227pt too wide) in alignment at lines 976--981
 [] [] [] [] [] [] [] [] [] 
 []


Overfull \hbox (12.86227pt too wide) in alignment at lines 981--983
 [] [] [] [] [] [] [] [] [] 
 []


Overfull \hbox (12.86227pt too wide) in alignment at lines 983--985
 [] [] [] [] [] [] [] [] [] 
 []


Overfull \hbox (12.86227pt too wide) in alignment at lines 985--1075
 [] [] [] [] [] [] [] [] [] 
 []

[96] [97] [98] [99] [100] [101] [102] [103] [104] [105] [106] [107] [108])
[109] [110]
\openout2 = `Chapters/TITE-DTP/TITE-DTP_tex.aux'.

 (Chapters/TITE-DTP/TITE-DTP_tex.tex
Chapter 4.
1: section
[111




]
Overfull \hbox (2.3902pt too wide) in paragraph at lines 30--31
\T1/ppl/m/n/12 toxicity model, dose-toxicity skele-ton, method of in-fer-ence, 
de-ci-sion rules, sam-
 []

[112] [113]

LaTeX Warning: `!h' float specifier changed to `!ht'.

[114] [115]
Overfull \hbox (10.85625pt too wide) in paragraph at lines 115--116
\T1/ppl/m/n/12 we will have 10 co-horts and there-fore 1,048,576 path-ways ($\O
T1/zplm/m/n/12 [\OT1/ppl/m/n/12 3 \OT1/zplm/m/n/12 + \OT1/ppl/m/n/12 1\OT1/zplm
/m/n/12 ][] = \OT1/ppl/m/n/12 1, 048, 576$\T1/ppl/m/n/12 ).
 []

[116]
LaTeX Font Info:    Calculating math sizes for size <4> on input line 196.


LaTeX Font Warning: Font shape `U/rsfs/m/n' in size <4> not available
(Font)              size <5> substituted on input line 196.


LaTeX Font Warning: Font shape `U/rsfs/m/n' in size <3.03998> not available
(Font)              size <5> substituted on input line 196.


LaTeX Font Warning: Font shape `U/rsfs/m/n' in size <2.40002> not available
(Font)              size <5> substituted on input line 196.

[117]
Overfull \vbox (55.9648pt too high) has occurred while \output is active []


[118]
<Figures//TITE-DTP-InitialExampleDTPNode.pdf, id=1606, 1157.32375pt x 1153.3087
5pt>
File: Figures//TITE-DTP-InitialExampleDTPNode.pdf Graphic file (type pdf)
<use Figures//TITE-DTP-InitialExampleDTPNode.pdf>
Package pdftex.def Info: Figures//TITE-DTP-InitialExampleDTPNode.pdf  used on i
nput line 203.
(pdftex.def)             Requested size: 412.56499pt x 411.12569pt.
<Figures//TITE-DTP-InitialExampleDTPFlow.pdf, id=1607, 844.15375pt x 597.23125p
t>
File: Figures//TITE-DTP-InitialExampleDTPFlow.pdf Graphic file (type pdf)
<use Figures//TITE-DTP-InitialExampleDTPFlow.pdf>
Package pdftex.def Info: Figures//TITE-DTP-InitialExampleDTPFlow.pdf  used on i
nput line 210.
(pdftex.def)             Requested size: 412.56499pt x 291.88948pt.


LaTeX Warning: `!h' float specifier changed to `!ht'.

[119 <./Figures//TITE-DTP-InitialExampleDTPNode.pdf>] [120 <./Figures//TITE-DTP
-InitialExampleDTPFlow.pdf>] [121] [122]

LaTeX Warning: `!h' float specifier changed to `!ht'.

<Figures//TITE-DTP-UpdatedExampleDTPNode.pdf, id=1649, 1122.1925pt x 1115.16624
pt>
File: Figures//TITE-DTP-UpdatedExampleDTPNode.pdf Graphic file (type pdf)
<use Figures//TITE-DTP-UpdatedExampleDTPNode.pdf>
Package pdftex.def Info: Figures//TITE-DTP-UpdatedExampleDTPNode.pdf  used on i
nput line 337.
(pdftex.def)             Requested size: 412.56499pt x 409.96756pt.
<Figures//TITE-DTP-UpdatedExampleDTPFlow.pdf, id=1650, 844.15375pt x 597.23125p
t>
File: Figures//TITE-DTP-UpdatedExampleDTPFlow.pdf Graphic file (type pdf)
<use Figures//TITE-DTP-UpdatedExampleDTPFlow.pdf>
Package pdftex.def Info: Figures//TITE-DTP-UpdatedExampleDTPFlow.pdf  used on i
nput line 344.
(pdftex.def)             Requested size: 412.56499pt x 291.88948pt.

LaTeX Warning: `!h' float specifier changed to `!ht'.

[123 <./Figures//TITE-DTP-UpdatedExampleDTPNode.pdf>] [124] [125 <./Figures//TI
TE-DTP-UpdatedExampleDTPFlow.pdf>]
Overfull \hbox (0.93523pt too wide) in paragraph at lines 353--357
[]\T1/ppl/m/n/12 Here we have high-lighted how DTPs can be utilised dur-ing the
 ini-tial stages
 []

[126] [127] [128] [129]
Overfull \vbox (55.9648pt too high) has occurred while \output is active []


[130]
<Figures//TITE-DTP-UsingDuringTrialDTPNode.pdf, id=1709, 1157.32375pt x 1153.30
875pt>
File: Figures//TITE-DTP-UsingDuringTrialDTPNode.pdf Graphic file (type pdf)
<use Figures//TITE-DTP-UsingDuringTrialDTPNode.pdf>
Package pdftex.def Info: Figures//TITE-DTP-UsingDuringTrialDTPNode.pdf  used on
 input line 455.
(pdftex.def)             Requested size: 412.56499pt x 411.12569pt.
 [131 <./Figures//TITE-DTP-UsingDuringTrialDTPNode.pdf>] [132]
<Figures//TITE-DTP-NonUniformDTPNode.pdf, id=1728, 958.58125pt x 996.72375pt>
File: Figures//TITE-DTP-NonUniformDTPNode.pdf Graphic file (type pdf)
<use Figures//TITE-DTP-NonUniformDTPNode.pdf>
Package pdftex.def Info: Figures//TITE-DTP-NonUniformDTPNode.pdf  used on input
 line 520.
(pdftex.def)             Requested size: 412.56499pt x 428.97829pt.


LaTeX Warning: `!h' float specifier changed to `!ht'.

[133] [134 <./Figures//TITE-DTP-NonUniformDTPNode.pdf>] [135] [136] [137]
[138] [139] [140] [141] [142]
LaTeX Font Info:    Trying to load font information for U+fplmbb on input line 
703.

(C:\Users\Amit\AppData\Local\Programs\MiKTeX\tex/latex/psnfss\ufplmbb.fd
File: ufplmbb.fd 2003/10/30 Fontinst v1.914 font definitions for U/fplmbb.
)
[143]
<Figures//TITE-DTP-c2NN.pdf, id=1799, 760.8425pt x 330.23375pt>
File: Figures//TITE-DTP-c2NN.pdf Graphic file (type pdf)
<use Figures//TITE-DTP-c2NN.pdf>
Package pdftex.def Info: Figures//TITE-DTP-c2NN.pdf  used on input line 729.
(pdftex.def)             Requested size: 412.56499pt x 179.07436pt.
LaTeX Font Info:    Calculating math sizes for size <11> on input line 737.
 [144 <./Figures//TITE-DTP-c2NN.pdf>] [145] [146]
<Figures//TITE-DTP-c2NN-EstAllCombs.pdf, id=1823, 549.05125pt x 322.20375pt>
File: Figures//TITE-DTP-c2NN-EstAllCombs.pdf Graphic file (type pdf)
<use Figures//TITE-DTP-c2NN-EstAllCombs.pdf>
Package pdftex.def Info: Figures//TITE-DTP-c2NN-EstAllCombs.pdf  used on input 
line 781.
(pdftex.def)             Requested size: 412.56499pt x 242.11435pt.


LaTeX Warning: `!h' float specifier changed to `!ht'.

<Figures//TITE-DTP-c2NN-Est2021.pdf, id=1824, 722.7pt x 433.62pt>
File: Figures//TITE-DTP-c2NN-Est2021.pdf Graphic file (type pdf)
<use Figures//TITE-DTP-c2NN-Est2021.pdf>
Package pdftex.def Info: Figures//TITE-DTP-c2NN-Est2021.pdf  used on input line
 788.
(pdftex.def)             Requested size: 412.56499pt x 247.53648pt.

LaTeX Warning: `!h' float specifier changed to `!ht'.

[147]
Overfull \vbox (14.54538pt too high) has occurred while \output is active []


[148 <./Figures//TITE-DTP-c2NN-EstAllCombs.pdf> <./Figures//TITE-DTP-c2NN-Est20
21.pdf>] [149] [150]

pdfTeX warning: pdflatex.exe (file ./Figures//TITE-DTP-cohort2Node.pdf): PDF in
clusion: found PDF version <1.7>, but at most version <1.5> allowed
<Figures//TITE-DTP-cohort2Node.pdf, id=1863, 421.575pt x 351.23218pt>
File: Figures//TITE-DTP-cohort2Node.pdf Graphic file (type pdf)
<use Figures//TITE-DTP-cohort2Node.pdf>
Package pdftex.def Info: Figures//TITE-DTP-cohort2Node.pdf  used on input line 
838.
(pdftex.def)             Requested size: 371.30597pt x 309.3586pt.

LaTeX Warning: `!h' float specifier changed to `!ht'.

[151] [152 <./Figures//TITE-DTP-cohort2Node.pdf>]

pdfTeX warning: pdflatex.exe (file ./Figures//TITE-DTP-cohort2Flow.pdf): PDF in
clusion: found PDF version <1.7>, but at most version <1.5> allowed
<Figures//TITE-DTP-cohort2Flow.pdf, id=1883, 331.2375pt x 637.42137pt>
File: Figures//TITE-DTP-cohort2Flow.pdf Graphic file (type pdf)
<use Figures//TITE-DTP-cohort2Flow.pdf>
Package pdftex.def Info: Figures//TITE-DTP-cohort2Flow.pdf  used on input line 
853.
(pdftex.def)             Requested size: 330.06914pt x 660.74336pt.
[153]
Overfull \vbox (23.64293pt too high) has occurred while \output is active []


[154 <./Figures//TITE-DTP-cohort2Flow.pdf>] [155] [156] [157]
<Figures//TITE-DTP-c2NNN.png, id=1918, 254.45062pt x 252.945pt>
File: Figures//TITE-DTP-c2NNN.png Graphic file (type png)
<use Figures//TITE-DTP-c2NNN.png>
Package pdftex.def Info: Figures//TITE-DTP-c2NNN.png  used on input line 962.
(pdftex.def)             Requested size: 330.05324pt x 328.11443pt.
 [158]
Overfull \hbox (1.76398pt too wide) in paragraph at lines 965--966
[]\T1/ppl/m/n/12 In this ex-am-ple, there are 70 dif-fer-ent path-ways where th
e com-bined follow-
 []

[159 <./Figures//TITE-DTP-c2NNN.png>]
<Figures//TITE-DTP-c2NNN-EstAllCombs.pdf, id=1934, 549.05125pt x 322.20375pt>
File: Figures//TITE-DTP-c2NNN-EstAllCombs.pdf Graphic file (type pdf)
<use Figures//TITE-DTP-c2NNN-EstAllCombs.pdf>
Package pdftex.def Info: Figures//TITE-DTP-c2NNN-EstAllCombs.pdf  used on input
 line 997.
(pdftex.def)             Requested size: 412.56499pt x 242.11435pt.
 [160]
<Figures//TITE-DTP-c2NNN-Est2021.pdf, id=1939, 722.7pt x 433.62pt>
File: Figures//TITE-DTP-c2NNN-Est2021.pdf Graphic file (type pdf)
<use Figures//TITE-DTP-c2NNN-Est2021.pdf>
Package pdftex.def Info: Figures//TITE-DTP-c2NNN-Est2021.pdf  used on input lin
e 1004.
(pdftex.def)             Requested size: 412.56499pt x 247.53648pt.
 [161 <./Figures//TITE-DTP-c2NNN-EstAllCombs.pdf> <./Figures//TITE-DTP-c2NNN-Es
t2021.pdf>] [162] [163]

pdfTeX warning: pdflatex.exe (file ./Figures//TITE-DTP-cohort3Node.pdf): PDF in
clusion: found PDF version <1.7>, but at most version <1.5> allowed
<Figures//TITE-DTP-cohort3Node.pdf, id=1971, 493.845pt x 415.5525pt>
File: Figures//TITE-DTP-cohort3Node.pdf Graphic file (type pdf)
<use Figures//TITE-DTP-cohort3Node.pdf>
Package pdftex.def Info: Figures//TITE-DTP-cohort3Node.pdf  used on input line 
1052.
(pdftex.def)             Requested size: 412.56499pt x 347.15314pt.

LaTeX Warning: `!h' float specifier changed to `!ht'.

[164] [165 <./Figures//TITE-DTP-cohort3Node.pdf>]

pdfTeX warning: pdflatex.exe (file ./Figures//TITE-DTP-cohort3Flow.pdf): PDF in
clusion: found PDF version <1.7>, but at most version <1.5> allowed
<Figures//TITE-DTP-cohort3Flow.pdf, id=1989, 569.24669pt x 889.40276pt>
File: Figures//TITE-DTP-cohort3Flow.pdf Graphic file (type pdf)
<use Figures//TITE-DTP-cohort3Flow.pdf>
Package pdftex.def Info: Figures//TITE-DTP-cohort3Flow.pdf  used on input line 
1061.
(pdftex.def)             Requested size: 393.27574pt x 614.44655pt.
[166

 <./Figures//TITE-DTP-cohort3Flow.pdf>] [167]
<Figures//TITE-DTP-AltWeightWeightFunctions.pdf, id=2018, 718.685pt x 365.365pt
>
File: Figures//TITE-DTP-AltWeightWeightFunctions.pdf Graphic file (type pdf)
<use Figures//TITE-DTP-AltWeightWeightFunctions.pdf>
Package pdftex.def Info: Figures//TITE-DTP-AltWeightWeightFunctions.pdf  used o
n input line 1093.
(pdftex.def)             Requested size: 412.56499pt x 209.74316pt.


LaTeX Warning: `!h' float specifier changed to `!ht'.

[168]
Overfull \hbox (2.29109pt too wide) in paragraph at lines 1117--1118
[]\T1/ppl/m/n/12 To eval-u-ate TITE-DTPs with these new weight func-tions we wi
ll look specif-
 []

[169 <./Figures//TITE-DTP-AltWeightWeightFunctions.pdf>]
Overfull \hbox (8.6543pt too wide) in paragraph at lines 1121--1122
\T1/ppl/m/n/12 noted this only ap-plies to our spe-cific ex-am-ple due to how w
e have parametrised
 []

[170]
<Figures//TITE-DTP-AltWeightW1-Est.pdf, id=2047, 718.685pt x 365.365pt>
File: Figures//TITE-DTP-AltWeightW1-Est.pdf Graphic file (type pdf)
<use Figures//TITE-DTP-AltWeightW1-Est.pdf>
Package pdftex.def Info: Figures//TITE-DTP-AltWeightW1-Est.pdf  used on input l
ine 1173.
(pdftex.def)             Requested size: 412.56499pt x 209.74316pt.


LaTeX Warning: `!h' float specifier changed to `!ht'.

<Figures//TITE-DTP-AltWeightW1-Est789.pdf, id=2048, 718.685pt x 365.365pt>
File: Figures//TITE-DTP-AltWeightW1-Est789.pdf Graphic file (type pdf)
<use Figures//TITE-DTP-AltWeightW1-Est789.pdf>
Package pdftex.def Info: Figures//TITE-DTP-AltWeightW1-Est789.pdf  used on inpu
t line 1180.
(pdftex.def)             Requested size: 412.56499pt x 209.74316pt.

LaTeX Warning: `!h' float specifier changed to `!ht'.

[171] [172 <./Figures//TITE-DTP-AltWeightW1-Est.pdf> <./Figures//TITE-DTP-AltWe
ightW1-Est789.pdf>] [173]
<Figures//TITE-DTP-AltWeightW2-Est.pdf, id=2076, 718.685pt x 365.365pt>
File: Figures//TITE-DTP-AltWeightW2-Est.pdf Graphic file (type pdf)
<use Figures//TITE-DTP-AltWeightW2-Est.pdf>
Package pdftex.def Info: Figures//TITE-DTP-AltWeightW2-Est.pdf  used on input l
ine 1232.
(pdftex.def)             Requested size: 412.56499pt x 209.74316pt.


LaTeX Warning: `!h' float specifier changed to `!ht'.

[174] [175 <./Figures//TITE-DTP-AltWeightW2-Est.pdf>] [176] [177] [178]
[179] [180] [181] [182] [183] [184] [185]) [186]
\openout2 = `Chapters/ETP/ETP_tex.aux'.

 (Chapters/ETP/ETP_tex.tex
Chapter 5.
1: section
[187




] [188]
Overfull \hbox (8.27017pt too wide) in paragraph at lines 35--36
\T1/ppl/m/n/12 ETPs were pri-mar-ily de-signed for use in sin-gle arm Phase II 
tri-als us-ing Bayesian
 []

[189] [190]

Package amsmath Warning: Foreign command \atopwithdelims;
(amsmath)                \frac or \genfrac should be used instead
(amsmath)                 on input line 65.

[191] [192] [193] [194]
Overfull \hbox (2.73662pt too wide) detected at line 170
[][][][]
 []

[195] [196] [197] [198] [199]
<Figures//ETP-cell0Resp5Pat.pdf, id=2260, 453.695pt x 231.86626pt>
File: Figures//ETP-cell0Resp5Pat.pdf Graphic file (type pdf)
<use Figures//ETP-cell0Resp5Pat.pdf>
Package pdftex.def Info: Figures//ETP-cell0Resp5Pat.pdf  used on input line 245
.
(pdftex.def)             Requested size: 412.56499pt x 210.84648pt.
 [200 <./Figures//ETP-cell0Resp5Pat.pdf>]
<Figures//ETP-cell2Resp5Pat.pdf, id=2274, 453.695pt x 231.86626pt>
File: Figures//ETP-cell2Resp5Pat.pdf Graphic file (type pdf)
<use Figures//ETP-cell2Resp5Pat.pdf>
Package pdftex.def Info: Figures//ETP-cell2Resp5Pat.pdf  used on input line 256
.
(pdftex.def)             Requested size: 412.56499pt x 210.84648pt.
 [201 <./Figures//ETP-cell2Resp5Pat.pdf>]
<Figures//ETP-cell10Resp30Pat.pdf, id=2289, 453.695pt x 231.86626pt>
File: Figures//ETP-cell10Resp30Pat.pdf Graphic file (type pdf)
<use Figures//ETP-cell10Resp30Pat.pdf>
Package pdftex.def Info: Figures//ETP-cell10Resp30Pat.pdf  used on input line 2
69.
(pdftex.def)             Requested size: 412.56499pt x 210.84648pt.
<Figures//ETP-cell14Resp30Pat.pdf, id=2290, 453.695pt x 231.86626pt>
File: Figures//ETP-cell14Resp30Pat.pdf Graphic file (type pdf)
<use Figures//ETP-cell14Resp30Pat.pdf>
Package pdftex.def Info: Figures//ETP-cell14Resp30Pat.pdf  used on input line 2
77.
(pdftex.def)             Requested size: 412.56499pt x 210.84648pt.


LaTeX Warning: `!h' float specifier changed to `!ht'.

[202 <./Figures//ETP-cell10Resp30Pat.pdf>] [203 <./Figures//ETP-cell14Resp30Pat
.pdf>]
<Figures//ETP-constructed.pdf, id=2317, 844.15375pt x 597.23125pt>
File: Figures//ETP-constructed.pdf Graphic file (type pdf)
<use Figures//ETP-constructed.pdf>
Package pdftex.def Info: Figures//ETP-constructed.pdf  used on input line 291.
(pdftex.def)             Requested size: 711.33844pt x 426.79839pt.

Overfull \hbox (50.63802pt too wide) in paragraph at lines 291--292
 [][] 
 []

<Figures//ETP-constructedleft.pdf, id=2318, 844.15375pt x 597.23125pt>
File: Figures//ETP-constructedleft.pdf Graphic file (type pdf)
<use Figures//ETP-constructedleft.pdf>
Package pdftex.def Info: Figures//ETP-constructedleft.pdf  used on input line 2
98.
(pdftex.def)             Requested size: 711.33844pt x 426.79839pt.

Overfull \hbox (50.63802pt too wide) in paragraph at lines 298--299
 [][] 
 []

[204] [205 <./Figures//ETP-constructed.pdf>] [206 <./Figures//ETP-constructedle
ft.pdf>] [207]
<Figures//ETP-constructed_30-50_5.pdf, id=2357, 844.15375pt x 597.23125pt>
File: Figures//ETP-constructed_30-50_5.pdf Graphic file (type pdf)
<use Figures//ETP-constructed_30-50_5.pdf>
Package pdftex.def Info: Figures//ETP-constructed_30-50_5.pdf  used on input li
ne 337.
(pdftex.def)             Requested size: 711.33844pt x 426.79839pt.

Overfull \hbox (50.63802pt too wide) in paragraph at lines 337--338
 [][] 
 []

[208] [209] [210 <./Figures//ETP-constructed_30-50_5.pdf>]
<Figures//ETP-DecisionCriteria.pdf, id=2380, 711.65875pt x 445.665pt>
File: Figures//ETP-DecisionCriteria.pdf Graphic file (type pdf)
<use Figures//ETP-DecisionCriteria.pdf>
Package pdftex.def Info: Figures//ETP-DecisionCriteria.pdf  used on input line 
364.
(pdftex.def)             Requested size: 412.56499pt x 258.35667pt.
 [211 <./Figures//ETP-DecisionCriteria.pdf>] [212] [213] [214] [215] [216] [217
] [218] [219]
Overfull \hbox (0.47923pt too wide) in paragraph at lines 433--434
[]\T1/ppl/m/n/12 The next tab in the nav-i-ga-tion bar is la-belled "Beta-Binom
ial De-signs" which
 []

[220] [221] [222] [223] [224] [225])
Overfull \hbox (0.28694pt too wide) in paragraph at lines 465--314
[]\T1/ppl/m/n/12 Overall, we be-lieve ETPs to be an ef-fec-tive tool in de-tail
-ing decision-making
 []

[226] [227]
\openout2 = `Chapters/Conclusion/Conclusion_tex.aux'.

 (Chapters/Conclusion/Conclusion_tex.tex [228




]
Chapter 6.
1: section
[229] [230]
Overfull \hbox (0.11981pt too wide) in paragraph at lines 23--24
[]\T1/ppl/m/n/12 By lever-ag-ing the adap-tive ran-domi-sa-tion mech-a-nism we 
were able to force
 []

[231] [232] [233] [234] [235] [236]) [237]
\openout2 = `Appendices/Appendix_ETP_examples.aux'.


(Appendices/Appendix_ETP_examples.tex [238




]
Appendix A.

Overfull \hbox (5.13776pt too wide) in paragraph at lines 7--8
\T1/ppl/m/n/12 The fol-low-ing sec-tions con-tain ex-am-ples of clin-i-cal tri-
als that have im-ple-mented
 []

1: section
[239] [240]

pdfTeX warning: pdflatex.exe (file ./Figures//ETP-MonoGermFlipFlop.pdf): PDF in
clusion: found PDF version <1.7>, but at most version <1.5> allowed
<Figures//ETP-MonoGermFlipFlop.pdf, id=2558, 793.04276pt x 173.68889pt>
File: Figures//ETP-MonoGermFlipFlop.pdf Graphic file (type pdf)
<use Figures//ETP-MonoGermFlipFlop.pdf>
Package pdftex.def Info: Figures//ETP-MonoGermFlipFlop.pdf  used on input line 
29.
(pdftex.def)             Requested size: 412.56499pt x 90.35849pt.

Overfull \hbox (0.28973pt too wide) in paragraph at lines 32--33
\T1/ppl/m/n/12 cally, the ex-per-i-men-tal monother-a-pies will need to demon-s
trate non-inferiority
 []

[241 <./Figures//ETP-MonoGermFlipFlop.pdf>]

pdfTeX warning: pdflatex.exe (file ./Figures//ETP-MonoGermETP.pdf): PDF inclusi
on: found PDF version <1.7>, but at most version <1.5> allowed
<Figures//ETP-MonoGermETP.pdf, id=2576, 963.6pt x 542.025pt>
File: Figures//ETP-MonoGermETP.pdf Graphic file (type pdf)
<use Figures//ETP-MonoGermETP.pdf>
Package pdftex.def Info: Figures//ETP-MonoGermETP.pdf  used on input line 54.
(pdftex.def)             Requested size: 654.43066pt x 426.80559pt.

LaTeX Warning: `!h' float specifier changed to `!ht'.

[242] [243 <./Figures//ETP-MonoGermETP.pdf>]
Overfull \hbox (0.78267pt too wide) in paragraph at lines 67--68
\T1/ppl/m/n/12 and ef-fec-tive-ness of novel treat-ments in chil-dren, ado-les-
cents and young adults
 []


Overfull \hbox (10.26204pt too wide) in paragraph at lines 77--78
\T1/ppl/m/n/12 de-ci-sions spe-cific to the dis-tinct pop-u-la-tions in each tr
eat-ment arm. The Bayesian
 []

[244

] [245]

pdfTeX warning: pdflatex.exe (file ./Figures//ETP-GloBNHL-flowchart.pdf): PDF i
nclusion: found PDF version <1.7>, but at most version <1.5> allowed
<Figures//ETP-GloBNHL-flowchart.pdf, id=2615, 425.67029pt x 661.51138pt>
File: Figures//ETP-GloBNHL-flowchart.pdf Graphic file (type pdf)
<use Figures//ETP-GloBNHL-flowchart.pdf>
Package pdftex.def Info: Figures//ETP-GloBNHL-flowchart.pdf  used on input line
 93.
(pdftex.def)             Requested size: 371.30597pt x 577.03442pt.

LaTeX Warning: `!h' float specifier changed to `!ht'.


Overfull \hbox (13.45453pt too wide) in paragraph at lines 96--97
\T1/ppl/m/n/12 arm. Ob-served trial data will be com-bined with a min-i-mally i
n-for-ma-tive Beta(1,1)
 []

[246]

LaTeX Warning: Text page 247 contains only floats.

[247 <./Figures//ETP-GloBNHL-flowchart.pdf>] [248]

pdfTeX warning: pdflatex.exe (file ./Figures//ETP-GloBNHL-ETP-TA1aInitial.pdf):
 PDF inclusion: found PDF version <1.7>, but at most version <1.5> allowed
<Figures//ETP-GloBNHL-ETP-TA1aInitial.pdf, id=2645, 794.97pt x 614.295pt>
File: Figures//ETP-GloBNHL-ETP-TA1aInitial.pdf Graphic file (type pdf)
<use Figures//ETP-GloBNHL-ETP-TA1aInitial.pdf>
Package pdftex.def Info: Figures//ETP-GloBNHL-ETP-TA1aInitial.pdf  used on inpu
t line 138.
(pdftex.def)             Requested size: 654.42699pt x 426.79787pt.

LaTeX Warning: `!h' float specifier changed to `!ht'.



pdfTeX warning: pdflatex.exe (file ./Figures//ETP-GloBNHL-ETP-TA1aExtension.pdf
): PDF inclusion: found PDF version <1.7>, but at most version <1.5> allowed
<Figures//ETP-GloBNHL-ETP-TA1aExtension.pdf, id=2646, 794.97pt x 614.295pt>
File: Figures//ETP-GloBNHL-ETP-TA1aExtension.pdf Graphic file (type pdf)
<use Figures//ETP-GloBNHL-ETP-TA1aExtension.pdf>
Package pdftex.def Info: Figures//ETP-GloBNHL-ETP-TA1aExtension.pdf  used on in
put line 145.
(pdftex.def)             Requested size: 654.42699pt x 426.79787pt.

LaTeX Warning: `!h' float specifier changed to `!ht'.

[249] [250 <./Figures//ETP-GloBNHL-ETP-TA1aInitial.pdf>] [251 <./Figures//ETP-G
loBNHL-ETP-TA1aExtension.pdf>]

pdfTeX warning: pdflatex.exe (file ./Figures//ETP-DETERMINEDesign.pdf): PDF inc
lusion: found PDF version <1.7>, but at most version <1.5> allowed
<Figures//ETP-DETERMINEDesign.pdf, id=2665, 611.40419pt x 415.5525pt>
File: Figures//ETP-DETERMINEDesign.pdf Graphic file (type pdf)
<use Figures//ETP-DETERMINEDesign.pdf>
Package pdftex.def Info: Figures//ETP-DETERMINEDesign.pdf  used on input line 1
64.
(pdftex.def)             Requested size: 412.56499pt x 280.41608pt.

LaTeX Warning: `!h' float specifier changed to `!ht'.

[252

]
Overfull \hbox (3.4905pt too wide) in paragraph at lines 183--183
[]|\T1/ppl/m/n/10 Treatment
 []


Underfull \hbox (badness 10000) in paragraph at lines 183--183
[]|\T1/ppl/m/n/10 Intravenous (IV)
 []


Underfull \hbox (badness 10000) in paragraph at lines 183--183
[]|\T1/ppl/m/n/10 Oral cap-sules;
 []


Underfull \hbox (badness 10000) in paragraph at lines 183--183
\T1/ppl/m/n/10 Dos-ing de-pends
 []


Underfull \hbox (badness 6063) in paragraph at lines 183--183
\T1/ppl/m/n/10 on body sur-face
 []


Underfull \hbox (badness 10000) in paragraph at lines 183--183
[]|\T1/ppl/m/n/10 Trastuzumab in
 []


Underfull \hbox (badness 2261) in paragraph at lines 183--183
\T1/ppl/m/n/10 com-bi-na-tion with
 []


Underfull \hbox (badness 10000) in paragraph at lines 183--183
[]|\T1/ppl/m/n/10 Vemurafenib in
 []


Underfull \hbox (badness 2261) in paragraph at lines 183--183
\T1/ppl/m/n/10 com-bi-na-tion with
 []


Underfull \hbox (badness 10000) in paragraph at lines 183--183
[]|\T1/ppl/m/n/10 Oral; 960 mg
 []

[253 <./Figures//ETP-DETERMINEDesign.pdf>] [254]

pdfTeX warning: pdflatex.exe (file ./Figures//ETP-DETERMINE-ETP.pdf): PDF inclu
sion: found PDF version <1.7>, but at most version <1.5> allowed
<Figures//ETP-DETERMINE-ETP.pdf, id=2702, 794.97pt x 614.295pt>
File: Figures//ETP-DETERMINE-ETP.pdf Graphic file (type pdf)
<use Figures//ETP-DETERMINE-ETP.pdf>
Package pdftex.def Info: Figures//ETP-DETERMINE-ETP.pdf  used on input line 198
.
(pdftex.def)             Requested size: 654.42699pt x 426.79787pt.

LaTeX Warning: `!h' float specifier changed to `!ht'.

[255] [256 <./Figures//ETP-DETERMINE-ETP.pdf>])
\openout2 = `Appendices/Appendix_Adept_code.aux'.


(Appendices/Appendix_Adept_code.tex
Appendix B.
LaTeX Font Info:    Trying to load font information for T1+cmtt on input line 1
3.
(C:\Users\Amit\AppData\Local\Programs\MiKTeX\tex/latex/base\t1cmtt.fd
File: t1cmtt.fd 2019/12/16 v2.5j Standard LaTeX font definitions
)
(Chapters/Adept/ADePT/tite.pocrm.r
consecutive:
1: section
[257





]
LaTeX Font Info:    Font shape `T1/cmtt/bx/n' in size <12> not available
(Font)              Font shape `T1/cmtt/m/n' tried instead on input line 29.
 [258] [259] [260] [261] [262]) (Chapters/Adept/ADePT/Functions.r [263]
[264] [265] [266] [267] [268] [269] [270] [271] [272] [273] [274] [275]
[276] [277] [278] [279] [280] [281] [282] [283] [284] [285] [286] [287]
[288] [289] [290] [291] [292] [293] [294] [295] [296] [297] [298] [299]
Overfull \hbox (22.2978pt too wide) in paragraph at lines 754--755
[][] 
 []


Overfull \hbox (37.11433pt too wide) in paragraph at lines 754--755
[][] 
 []


Overfull \hbox (7.48128pt too wide) in paragraph at lines 754--755
[][] 
 []


Overfull \hbox (29.70607pt too wide) in paragraph at lines 754--755
[][] 
 []

[300] [301] [302]
Overfull \hbox (320.85316pt too wide) in paragraph at lines 818--819
[][][][][] 
 []


Overfull \hbox (288.99532pt too wide) in paragraph at lines 818--819
[][] 
 []


Overfull \hbox (288.99532pt too wide) in paragraph at lines 818--819
[][] 
 []


Overfull \hbox (288.99532pt too wide) in paragraph at lines 818--819
[][] 
 []


Overfull \hbox (288.99532pt too wide) in paragraph at lines 818--819
[][] 
 []


Overfull \hbox (303.81184pt too wide) in paragraph at lines 818--819
[][] 
 []


Overfull \hbox (288.99532pt too wide) in paragraph at lines 818--819
[][] 
 []


Overfull \hbox (318.62837pt too wide) in paragraph at lines 818--819
[][] 
 []


Overfull \hbox (288.99532pt too wide) in paragraph at lines 818--819
[][] 
 []


Overfull \hbox (318.62837pt too wide) in paragraph at lines 818--819
[][] 
 []


Overfull \hbox (288.99532pt too wide) in paragraph at lines 818--819
[][] 
 []


Overfull \hbox (296.40358pt too wide) in paragraph at lines 818--819
[][] 
 []


Overfull \hbox (288.99532pt too wide) in paragraph at lines 818--819
[][] 
 []


Overfull \hbox (288.99532pt too wide) in paragraph at lines 818--819
[][] 
 []


Overfull \hbox (288.99532pt too wide) in paragraph at lines 818--819
[][] 
 []


Overfull \hbox (288.99532pt too wide) in paragraph at lines 818--819
[][] 
 []


Overfull \hbox (296.40358pt too wide) in paragraph at lines 818--819
[][] 
 []


Overfull \hbox (288.99532pt too wide) in paragraph at lines 818--819
[][] 
 []


Overfull \hbox (296.40358pt too wide) in paragraph at lines 818--819
[][] 
 []


Overfull \hbox (288.99532pt too wide) in paragraph at lines 818--819
[][] 
 []


Overfull \hbox (288.99532pt too wide) in paragraph at lines 818--819
[][] 
 []


Overfull \hbox (288.99532pt too wide) in paragraph at lines 818--819
[][] 
 []


Overfull \hbox (311.22011pt too wide) in paragraph at lines 818--819
[][] 
 []


Overfull \hbox (288.99532pt too wide) in paragraph at lines 818--819
[][] 
 []


Overfull \hbox (288.99532pt too wide) in paragraph at lines 818--819
[][] 
 []


Overfull \hbox (326.03664pt too wide) in paragraph at lines 818--819
[][] 
 []


Overfull \hbox (288.99532pt too wide) in paragraph at lines 818--819
[][] 
 []


Overfull \hbox (318.62837pt too wide) in paragraph at lines 818--819
[][] 
 []


Overfull \hbox (288.99532pt too wide) in paragraph at lines 818--819
[][] 
 []


Overfull \hbox (318.62837pt too wide) in paragraph at lines 818--819
[][] 
 []


Overfull \hbox (288.99532pt too wide) in paragraph at lines 818--819
[][] 
 []


Overfull \hbox (288.99532pt too wide) in paragraph at lines 818--819
[][] 
 []


Overfull \hbox (288.99532pt too wide) in paragraph at lines 818--819
[][] 
 []


Overfull \hbox (281.58705pt too wide) in paragraph at lines 818--819
[]  
 []

[303]
Overfull \vbox (149.21396pt too high) has occurred while \output is active []


[304] [305] [306] [307] [308] [309] [310] [311] [312] [313] [314] [315]
[316] [317] [318] [319] [320] [321] [322]) (Chapters/WT/WTCode/RtC-WT.r
consecutive:
[323] [324] [325] [326] [327] [328] [329] [330] [331] [332] [333] [334]
[335] [336] [337] [338] [339] [340] [341] [342] [343]
Overfull \hbox (17.11433pt too wide) in paragraph at lines 441--442
[][][][][] 
 []


Overfull \hbox (14.88954pt too wide) in paragraph at lines 441--442
[][] 
 []

[344] [345]) (Chapters/TITE-DTP/TITE-DTP/ExampleDTPs.r [346] [347] [348]
Overfull \hbox (185.27962pt too wide) in paragraph at lines 66--67
[][] 
 []

[349] [350] [351] [352]
Overfull \hbox (185.27962pt too wide) in paragraph at lines 141--142
[][] 
 []

[353] [354] [355]) (Chapters/TITE-DTP/TITE-DTP/TITE-DTPsExamples.r [356]
Overfull \hbox (185.27962pt too wide) in paragraph at lines 15--16
[][] 
 []

[357] [358]
Overfull \hbox (192.68788pt too wide) in paragraph at lines 54--55
[][] 
 []

[359] [360] [361] [362] [363] [364] [365]
Overfull \hbox (192.68788pt too wide) in paragraph at lines 200--201
[][] 
 []

[366] [367] [368] [369] [370] [371] [372]
Overfull \hbox (192.68788pt too wide) in paragraph at lines 351--353
[][] 
 []

[373] [374] [375] [376] [377] [378] [379] [380] [381] [382]) [383]
(Chapters/ETP/ETP/BetaBinomialSims.r [384] [385] [386])
(Chapters/ETP/ETP/f_etp.r
consecutive:
[387] [388] [389] [390] [391] [392] [393] [394] [395] [396] [397] [398]
[399])) [400]
Overfull \hbox (3.52611pt too wide) in paragraph at lines 335--335
\T1/ppl/m/n/12 pmid: [][]$\T1/cmtt/m/n/12 11572541$[][]\T1/ppl/m/n/12 . [On-lin
e]. Avail-able: [][]$\T1/cmtt/m/n/12 https : / / www . jabfm . org / content /
 []


Overfull \hbox (7.93333pt too wide) in paragraph at lines 335--335
\T1/cmtt/m/n/12 www . sciencedirect . com / science / article / pii / B97801280
4729300002X$[][]
 []

1: section
[401



] [402] [403]
Overfull \hbox (9.41284pt too wide) in paragraph at lines 335--335
\T1/ppl/m/n/12 par-tial or-der-ing con-tin-ual re-assess-ment method in a Phase
 I combination-
 []


Overfull \hbox (11.86197pt too wide) in paragraph at lines 335--335
\T1/ppl/m/n/12 schedule dose-finding trial, \T1/ppl/m/it/12 Statis-tics in Med
icine\T1/ppl/m/n/12 , vol. 41, no. 30, pp. 5789
 []

[404]
Overfull \hbox (1.80182pt too wide) in paragraph at lines 335--335
\T1/ppl/m/n/12 age es-ca-la-tion ver-sion 0.1.4]. (Oct. 18, 2020), [On-line]. 
Avail-able: [][]$\T1/cmtt/m/n/12 https :
 []


Overfull \hbox (14.2186pt too wide) in paragraph at lines 335--335
\T1/cmtt/m/n/12 project . org / web / packages / trialr / index . html$[][] \T1
/ppl/m/n/12 (vis-ited on 11/17/2023). 
 []


Overfull \hbox (0.13751pt too wide) in paragraph at lines 335--335
[]\T1/ppl/m/n/12 P. M. Lee, \T1/ppl/m/it/12 Bayesian Statis-tics: An In-tro-duc
-tion\T1/ppl/m/n/12 . Newark, UNITED STATES:
 []

[405] [406]
Overfull \hbox (5.91656pt too wide) in paragraph at lines 335--335
\T1/ppl/m/n/12 Oct. 1, 2008, \T1/ppl/m/sc/12 issn\T1/ppl/m/n/12 : 0008-543X. \T
1/ppl/m/sc/12 doi\T1/ppl/m/n/12 : [][]$\T1/cmtt/m/n/12 10 . 1002 / cncr . 23654
$[][]\T1/ppl/m/n/12 . pmid: [][]$\T1/cmtt/m/n/12 18798532$[][]\T1/ppl/m/n/12 .
 []


Overfull \hbox (4.08316pt too wide) in paragraph at lines 335--335
\T1/ppl/m/n/12 meta-analyses of up-dated in-di-vid-ual data, \T1/ppl/m/it/12 T
he Lancet\T1/ppl/m/n/12 , vol. 355, no. 9208,
 []


Overfull \hbox (8.0451pt too wide) in paragraph at lines 335--335
\T1/cmtt/m/n/12 com / science / article / pii / S0140673600900114$[][] \T1/ppl/
m/n/12 (vis-ited on 07/20/2020). 
 []

[407]
Overfull \hbox (8.08783pt too wide) in paragraph at lines 335--335
[]\T1/ppl/m/n/12 A. Chalmers,   Sci-ence in Fo-cus: Com-bin-ing Ra-dio-ther-ap
y with In-hibitors
 []


Overfull \hbox (1.97469pt too wide) in paragraph at lines 335--335
\T1/ppl/m/n/12 of the DNA Dam-age Re-sponse, \T1/ppl/m/it/12 Clin-i-cal On-col
-ogy\T1/ppl/m/n/12 , vol. 28, no. 5, pp. 279
 []

[408]
Overfull \hbox (5.87299pt too wide) in paragraph at lines 335--335
[]\T1/ppl/m/n/12 S. Liu, G. Yin, and Y. Yuan,   BAYESIAN DATA AUG-MEN-TA-TION 
DOSE
 []


Overfull \hbox (2.38074pt too wide) in paragraph at lines 335--335
\T1/ppl/m/n/12 free ap-proach to com-bi-na-tion ther-apy phase I tri-als us-ing
 cen-sored time-
 []

[409]
Overfull \hbox (9.48674pt too wide) in paragraph at lines 335--335
\T1/ppl/m/n/12 of com-bi-na-tions of agents, \T1/ppl/m/it/12 Com-puter Meth-od
s and Pro-grams in Biomedicine\T1/ppl/m/n/12 ,
 []


Overfull \hbox (4.6764pt too wide) in paragraph at lines 335--335
\T1/ppl/m/it/12 BMC Can-cer\T1/ppl/m/n/12 , vol. 19, Mar. 4, 2019, \T1/ppl/m/sc
/12 issn\T1/ppl/m/n/12 : 1471-2407. \T1/ppl/m/sc/12 doi\T1/ppl/m/n/12 : [][]$\T
1/cmtt/m/n/12 10 . 1186 / s12885 -[]
 []


Overfull \hbox (3.29993pt too wide) in paragraph at lines 335--335
[]\T1/ppl/m/n/12 B. Huang and P. F. Kuan,   Time-to-event con-tin-ual re-asses
s-ment method
 []

[410] [411]
Overfull \hbox (5.7196pt too wide) in paragraph at lines 335--335
\T1/ppl/m/n/12 2020, \T1/ppl/m/sc/12 issn\T1/ppl/m/n/12 : 1740-7753. \T1/ppl/m/
sc/12 doi\T1/ppl/m/n/12 : [][]$\T1/cmtt/m/n/12 10 . 1177 / 1740774520932130$[][
]\T1/ppl/m/n/12 . pmid: [][]$\T1/cmtt/m/n/12 32631095$[][]\T1/ppl/m/n/12 . 
 []


Overfull \hbox (23.07018pt too wide) in paragraph at lines 335--335
\T1/ppl/m/n/12 Com-pletely or Par-tially Or-dered Treat-ment Sched-ules, \T1/p
pl/m/it/12 Statis-tics in medicine\T1/ppl/m/n/12 ,
 []

[412]
Overfull \hbox (8.0451pt too wide) in paragraph at lines 335--335
\T1/cmtt/m/n/12 com / science / article / pii / S0923753419383887$[][] \T1/ppl/
m/n/12 (vis-ited on 11/17/2023). 
 []


Overfull \hbox (0.8656pt too wide) in paragraph at lines 335--335
[]\T1/ppl/m/n/12 P. F. Thall and J. D. Cook,   Dose-finding based on efficacy-
toxicity trade-
 []


Overfull \hbox (17.46663pt too wide) in paragraph at lines 335--335
\T1/ppl/m/n/12 dose-finding de-sign in the Match-point trial, \T1/ppl/m/it/12 
BMC Med-i-cal Re-search Method-
 []

[413] [414]
Overfull \hbox (1.33403pt too wide) in paragraph at lines 335--335
\T1/ppl/m/n/12 tive ran-dom-iza-tion, \T1/ppl/m/it/12 Sta-tis-ti-cal Meth-ods 
in Med-i-cal Re-search\T1/ppl/m/n/12 , vol. 27, no. 2,
 []


Overfull \hbox (19.74023pt too wide) in paragraph at lines 335--335
\T1/ppl/m/n/12 pp. 466479, Feb. 1, 2018, \T1/ppl/m/sc/12 issn\T1/ppl/m/n/12 : 
0962-2802. \T1/ppl/m/sc/12 doi\T1/ppl/m/n/12 : [][]$\T1/cmtt/m/n/12 10 . 1177 /
 0962280216631763$[][]\T1/ppl/m/n/12 .
 []


Overfull \hbox (17.22417pt too wide) in paragraph at lines 335--335
\T1/ppl/m/n/12 pp. 157175, 1948, \T1/ppl/m/sc/12 issn\T1/ppl/m/n/12 : 0006-344
4. \T1/ppl/m/sc/12 doi\T1/ppl/m/n/12 : [][]$\T1/cmtt/m/n/12 10 . 2307 / 2332636
$[][]\T1/ppl/m/n/12 . JS-TOR: [][]$\T1/cmtt/m/n/12 2332636$[][]\T1/ppl/m/n/12 .

 []

[415] [416]
Overfull \hbox (0.54611pt too wide) in paragraph at lines 335--335
\T1/ppl/m/n/12 2023, \T1/ppl/m/sc/12 issn\T1/ppl/m/n/12 : 1756-1833. \T1/ppl/m/
sc/12 doi\T1/ppl/m/n/12 : [][]$\T1/cmtt/m/n/12 10 . 1136 / bmj -[] 2023 -[] 076
386$[][]\T1/ppl/m/n/12 . pmid: [][]$\T1/cmtt/m/n/12 37863491$[][]\T1/ppl/m/n/12
 .
 []


Overfull \hbox (0.22551pt too wide) in paragraph at lines 335--335
\T1/ppl/m/n/12 e076387, Oct. 20, 2023, \T1/ppl/m/sc/12 issn\T1/ppl/m/n/12 : 175
6-1833. \T1/ppl/m/sc/12 doi\T1/ppl/m/n/12 : [][]$\T1/cmtt/m/n/12 10 . 1136 / bm
j -[] 2023 -[] 076387$[][]\T1/ppl/m/n/12 .
 []

[417] [418]
Overfull \hbox (0.47366pt too wide) in paragraph at lines 335--335
\T1/ppl/m/n/12 2456. \T1/ppl/m/sc/12 doi\T1/ppl/m/n/12 : [][]$\T1/cmtt/m/n/12 1
0 . 1016 / 0197 -[] 2456(89 ) 90015 -[] 9$[][]\T1/ppl/m/n/12 . [On-line]. Avail
-able: [][]$\T1/cmtt/m/n/12 https :
 []

[419]
Overfull \hbox (1.05965pt too wide) in paragraph at lines 335--335
\T1/ppl/m/sc/12 doi\T1/ppl/m/n/12 : [][]$\T1/cmtt/m/n/12 10 . 1002 / jrsm . 143
9$[][]\T1/ppl/m/n/12 . [On-line]. Avail-able: [][]$\T1/cmtt/m/n/12 https : / / 
onlinelibrary .
 []


Overfull \hbox (3.5533pt too wide) in paragraph at lines 335--335
\T1/ppl/m/n/12 pp. 203215, Jun. 1, 2001, \T1/ppl/m/sc/12 issn\T1/ppl/m/n/12 : 
1465-4644. \T1/ppl/m/sc/12 doi\T1/ppl/m/n/12 : [][]$\T1/cmtt/m/n/12 10 . 1093 /
 biostatistics /
 []


Overfull \hbox (12.82526pt too wide) in paragraph at lines 335--335
\T1/cmtt/m/n/12 2 . 2 . 203$[][]\T1/ppl/m/n/12 . [On-line]. Avail-able: [][]$\T
1/cmtt/m/n/12 https : / / doi . org / 10 . 1093 / biostatistics /
 []

[420]
Overfull \hbox (14.72316pt too wide) in paragraph at lines 335--335
\T1/ppl/m/n/12 and novel de-signs and anal-y-sis toolkit. (2022), [On-line]. A
vail-able: [][]$\T1/cmtt/m/n/12 https :
 []


Overfull \hbox (19.98555pt too wide) in paragraph at lines 335--335
\T1/ppl/m/n/12 Avail-able: [][]$\T1/cmtt/m/n/12 https : / / zenodo . org / reco
rds / 7741866$[][] \T1/ppl/m/n/12 (vis-ited on 11/18/2023). 
 []

[421] [422] (main.aux (Chapters/Introduction/Introduction_tex.aux)
(Chapters/Adept/Adept_tex.aux) (Chapters/WT/WT_tex.aux)
(Chapters/TITE-DTP/TITE-DTP_tex.aux) (Chapters/ETP/ETP_tex.aux)
(Chapters/Conclusion/Conclusion_tex.aux) (Appendices/Appendix_ETP_examples.aux)
(Appendices/Appendix_Adept_code.aux))

LaTeX Font Warning: Size substitutions with differences
(Font)              up to 2.59998pt have occurred.

Package rerunfilecheck Info: File `main.out' has not changed.
(rerunfilecheck)             Checksum: 50A88305E9AF6045E4BE6C66AE31A286;13017.
Package logreq Info: Writing requests to 'main.run.xml'.
\openout1 = `main.run.xml'.

 ) 
Here is how much of TeX's memory you used:
 37897 strings out of 478659
 796243 string characters out of 2846395
 1741046 words of memory out of 3000000
 51709 multiletter control sequences out of 15000+600000
 495864 words of font info for 229 fonts, out of 8000000 for 9000
 1141 hyphenation exceptions out of 8191
 96i,20n,96p,2187b,3005s stack positions out of 5000i,500n,10000p,200000b,80000s
 <C:\Users\Amit\AppData\Local\MiKTeX\fonts/pk/ljfour/jknappen/ec/dpi600\ectt1
200.pk> <C:\Users\Amit\AppData\Local\MiKTeX\fonts/pk/ljfour/jknappen/ec/dpi600\
ecit1200.pk>{C:/Users/Amit/AppData/Local/Programs/MiKTeX/fonts/enc/dvips/base/8
r.enc}<C:/Users/Amit/AppData/Local/Programs/MiKTeX/fonts/type1/public/amsfonts/
cm/cmex10.pfb><C:/Users/Amit/AppData/Local/Programs/MiKTeX/fonts/type1/public/a
msfonts/cm/cmmi10.pfb><C:/Users/Amit/AppData/Local/Programs/MiKTeX/fonts/type1/
public/amsfonts/cm/cmr10.pfb><C:/Users/Amit/AppData/Local/Programs/MiKTeX/fonts
/type1/public/amsfonts/cm/cmsy10.pfb><C:/Users/Amit/AppData/Local/Programs/MiKT
eX/fonts/type1/public/mathpazo/fplmbb.pfb><C:/Users/Amit/AppData/Local/Programs
/MiKTeX/fonts/type1/public/mathpazo/fplmr.pfb><C:/Users/Amit/AppData/Local/Prog
rams/MiKTeX/fonts/type1/public/mathpazo/fplmri.pfb><C:/Users/Amit/AppData/Local
/Programs/MiKTeX/fonts/type1/public/rsfs/rsfs10.pfb><C:/Users/Amit/AppData/Loca
l/Programs/MiKTeX/fonts/type1/urw/palatino/uplb8a.pfb><C:/Users/Amit/AppData/Lo
cal/Programs/MiKTeX/fonts/type1/urw/palatino/uplr8a.pfb><C:/Users/Amit/AppData/
Local/Programs/MiKTeX/fonts/type1/urw/palatino/uplr8a.pfb><C:/Users/Amit/AppDat
a/Local/Programs/MiKTeX/fonts/type1/urw/palatino/uplri8a.pfb>
Output written on main.pdf (440 pages, 4742089 bytes).
PDF statistics:
 7692 PDF objects out of 8907 (max. 8388607)
 3724 named destinations out of 4296 (max. 500000)
 749 words of extra memory for PDF output out of 10000 (max. 10000000)

